<?xml version="1.0" encoding="UTF-8"?>
<testsuite xmlns:xsi="http://www.w3.org/2001/XMLSchema-instance" xsi:noNamespaceSchemaLocation="https://maven.apache.org/surefire/maven-surefire-plugin/xsd/surefire-test-report-3.0.xsd" version="3.0" name="TestMaxActiveStrong" time="159.401" tests="8" errors="0" skipped="0" failures="0">
  <properties>
[...]
</properties>
  <testcase name="testPostgresPool(TestConfig)[1]" classname="TestMaxActiveStrong" time="21.358">
    <system-out><![CDATA[
*******************************************************************************************************

  Run test #: 1
  Conditions: Normal Wait   All: 4  MaxAct:2  OK:4 Fast:2 Delay:2 Error:0 MaxWait:  10000 Sleep:5000  .

*******************************************************************************************************

>>> Start of test... Run requests to servlet...
>>> [CLEANUP] Direstories work and temp were cleaned.
>>> [CONFIG] Read context.xml: D:\REPO_JAVA\FinalTest\tomcat\conf\context.xml
>>> [CONFIG] Parameters updated: maxTotal = 2, maxWaitMillis = 10000
>>> [CLEANUP] Force closing Tomcat windows...
>>> [CLEANUP] Done. Starting fresh Tomcat...
>>> [CONFIG] Current User Dir: D:\REPO_JAVA\FinalTest\StrongTestPool
>>> [CONFIG] Target Tomcat Bin: D:\REPO_JAVA\FinalTest\tomcat\bin
>>> TomCat started with JMX on port 9000
TomCat has been started successfully.

MONITOR MBean: Monitor MBean has been started.
Monitor DB: Initialisation start...

MONITOR DB Initialisaion phase.
Monitor DB: Initialisation is finished.

>>> Test run (Time start: 0s)
>>> [MONITOR MBEAN] Connected to JMX. Starting scan...
>>> [MONITOR MBEAN] Active connections [2] in: Catalina:type=DataSource,host=localhost,context=/MyServletProject,class=javax.sql.DataSource,name="jdbc/postgres-pool"
>>> [MONITOR MBEAN] Active connections [2] in: Catalina:type=DataSource,host=localhost,context=/MyServletProject,class=javax.sql.DataSource,name="jdbc/postgres-pool"
>>> [MONITOR MBEAN] Active connections [2] in: Catalina:type=DataSource,host=localhost,context=/MyServletProject,class=javax.sql.DataSource,name="jdbc/postgres-pool"
>>> [MONITOR MBEAN] Active connections [2] in: Catalina:type=DataSource,host=localhost,context=/MyServletProject,class=javax.sql.DataSource,name="jdbc/postgres-pool"
>>> [MONITOR MBEAN] Active connections [2] in: Catalina:type=DataSource,host=localhost,context=/MyServletProject,class=javax.sql.DataSource,name="jdbc/postgres-pool"
>>> [MONITOR MBEAN] Active connections [2] in: Catalina:type=DataSource,host=localhost,context=/MyServletProject,class=javax.sql.DataSource,name="jdbc/postgres-pool"
>>> [MONITOR MBEAN] Active connections [2] in: Catalina:type=DataSource,host=localhost,context=/MyServletProject,class=javax.sql.DataSource,name="jdbc/postgres-pool"
>>> [MONITOR MBEAN] Active connections [2] in: Catalina:type=DataSource,host=localhost,context=/MyServletProject,class=javax.sql.DataSource,name="jdbc/postgres-pool"
>>> [MONITOR MBEAN] Active connections [2] in: Catalina:type=DataSource,host=localhost,context=/MyServletProject,class=javax.sql.DataSource,name="jdbc/postgres-pool"
>>> [MONITOR MBEAN] Active connections [2] in: Catalina:type=DataSource,host=localhost,context=/MyServletProject,class=javax.sql.DataSource,name="jdbc/postgres-pool"
>>> [MONITOR MBEAN] Active connections [2] in: Catalina:type=DataSource,host=localhost,context=/MyServletProject,class=javax.sql.DataSource,name="jdbc/postgres-pool"
>>> [MONITOR MBEAN] Active connections [2] in: Catalina:type=DataSource,host=localhost,context=/MyServletProject,class=javax.sql.DataSource,name="jdbc/postgres-pool"
>>> [MONITOR MBEAN] Active connections [2] in: Catalina:type=DataSource,host=localhost,context=/MyServletProject,class=javax.sql.DataSource,name="jdbc/postgres-pool"
>>> [MONITOR MBEAN] Active connections [2] in: Catalina:type=DataSource,host=localhost,context=/MyServletProject,class=javax.sql.DataSource,name="jdbc/postgres-pool"
>>> [MONITOR MBEAN] Active connections [2] in: Catalina:type=DataSource,host=localhost,context=/MyServletProject,class=javax.sql.DataSource,name="jdbc/postgres-pool"
>>> [MONITOR MBEAN] Active connections [2] in: Catalina:type=DataSource,host=localhost,context=/MyServletProject,class=javax.sql.DataSource,name="jdbc/postgres-pool"
>>> [MONITOR MBEAN] Active connections [2] in: Catalina:type=DataSource,host=localhost,context=/MyServletProject,class=javax.sql.DataSource,name="jdbc/postgres-pool"
>>> [MONITOR MBEAN] Active connections [2] in: Catalina:type=DataSource,host=localhost,context=/MyServletProject,class=javax.sql.DataSource,name="jdbc/postgres-pool"
>>> [MONITOR MBEAN] Active connections [2] in: Catalina:type=DataSource,host=localhost,context=/MyServletProject,class=javax.sql.DataSource,name="jdbc/postgres-pool"
>>> [MONITOR MBEAN] Active connections [2] in: Catalina:type=DataSource,host=localhost,context=/MyServletProject,class=javax.sql.DataSource,name="jdbc/postgres-pool"
>>> [MONITOR MBEAN] Active connections [2] in: Catalina:type=DataSource,host=localhost,context=/MyServletProject,class=javax.sql.DataSource,name="jdbc/postgres-pool"
>>> [MONITOR MBEAN] Active connections [2] in: Catalina:type=DataSource,host=localhost,context=/MyServletProject,class=javax.sql.DataSource,name="jdbc/postgres-pool"
>>> [MONITOR MBEAN] Active connections [2] in: Catalina:type=DataSource,host=localhost,context=/MyServletProject,class=javax.sql.DataSource,name="jdbc/postgres-pool"

[HTTP RESPONSE DEBUG] Request ID: 4
Status Code: 200
Body: <html><head><title>User List</title></head><body>
<h1>Hi, Bro! This is servlet. I am running...</h1><br><br>
<ul>
<li>Name: Terayon</li>
<li>Name: InternetTelecom</li>
</ul>
<br><br><p>Current time: Fri Mar 13 11:32:28 MSK 2026</p>
</body></html>

----------------------

[HTTP RESPONSE DEBUG] Request ID: 2
Status Code: 200
Body: <html><head><title>User List</title></head><body>
<h1>Hi, Bro! This is servlet. I am running...</h1><br><br>
<ul>
<li>Name: Terayon</li>
<li>Name: InternetTelecom</li>
</ul>
<br><br><p>Current time: Fri Mar 13 11:32:28 MSK 2026</p>
</body></html>

----------------------
>>> [MONITOR MBEAN] Active connections [2] in: Catalina:type=DataSource,host=localhost,context=/MyServletProject,class=javax.sql.DataSource,name="jdbc/postgres-pool"
>>> [MONITOR MBEAN] Active connections [2] in: Catalina:type=DataSource,host=localhost,context=/MyServletProject,class=javax.sql.DataSource,name="jdbc/postgres-pool"
>>> [MONITOR MBEAN] Active connections [2] in: Catalina:type=DataSource,host=localhost,context=/MyServletProject,class=javax.sql.DataSource,name="jdbc/postgres-pool"
>>> [MONITOR MBEAN] Active connections [2] in: Catalina:type=DataSource,host=localhost,context=/MyServletProject,class=javax.sql.DataSource,name="jdbc/postgres-pool"
>>> [MONITOR MBEAN] Active connections [2] in: Catalina:type=DataSource,host=localhost,context=/MyServletProject,class=javax.sql.DataSource,name="jdbc/postgres-pool"
>>> [MONITOR MBEAN] Active connections [2] in: Catalina:type=DataSource,host=localhost,context=/MyServletProject,class=javax.sql.DataSource,name="jdbc/postgres-pool"
>>> [MONITOR MBEAN] Active connections [2] in: Catalina:type=DataSource,host=localhost,context=/MyServletProject,class=javax.sql.DataSource,name="jdbc/postgres-pool"
>>> [MONITOR MBEAN] Active connections [2] in: Catalina:type=DataSource,host=localhost,context=/MyServletProject,class=javax.sql.DataSource,name="jdbc/postgres-pool"
>>> [MONITOR MBEAN] Active connections [2] in: Catalina:type=DataSource,host=localhost,context=/MyServletProject,class=javax.sql.DataSource,name="jdbc/postgres-pool"
>>> [MONITOR MBEAN] Active connections [2] in: Catalina:type=DataSource,host=localhost,context=/MyServletProject,class=javax.sql.DataSource,name="jdbc/postgres-pool"
>>> [MONITOR MBEAN] Active connections [2] in: Catalina:type=DataSource,host=localhost,context=/MyServletProject,class=javax.sql.DataSource,name="jdbc/postgres-pool"
>>> [MONITOR MBEAN] Active connections [2] in: Catalina:type=DataSource,host=localhost,context=/MyServletProject,class=javax.sql.DataSource,name="jdbc/postgres-pool"
>>> [MONITOR MBEAN] Active connections [2] in: Catalina:type=DataSource,host=localhost,context=/MyServletProject,class=javax.sql.DataSource,name="jdbc/postgres-pool"
>>> [MONITOR MBEAN] Active connections [2] in: Catalina:type=DataSource,host=localhost,context=/MyServletProject,class=javax.sql.DataSource,name="jdbc/postgres-pool"
>>> [MONITOR MBEAN] Active connections [2] in: Catalina:type=DataSource,host=localhost,context=/MyServletProject,class=javax.sql.DataSource,name="jdbc/postgres-pool"
>>> [MONITOR MBEAN] Active connections [2] in: Catalina:type=DataSource,host=localhost,context=/MyServletProject,class=javax.sql.DataSource,name="jdbc/postgres-pool"
>>> [MONITOR MBEAN] Active connections [2] in: Catalina:type=DataSource,host=localhost,context=/MyServletProject,class=javax.sql.DataSource,name="jdbc/postgres-pool"
>>> [MONITOR MBEAN] Active connections [2] in: Catalina:type=DataSource,host=localhost,context=/MyServletProject,class=javax.sql.DataSource,name="jdbc/postgres-pool"
>>> [MONITOR MBEAN] Active connections [2] in: Catalina:type=DataSource,host=localhost,context=/MyServletProject,class=javax.sql.DataSource,name="jdbc/postgres-pool"
>>> [MONITOR MBEAN] Active connections [2] in: Catalina:type=DataSource,host=localhost,context=/MyServletProject,class=javax.sql.DataSource,name="jdbc/postgres-pool"
>>> [MONITOR MBEAN] Active connections [2] in: Catalina:type=DataSource,host=localhost,context=/MyServletProject,class=javax.sql.DataSource,name="jdbc/postgres-pool"
>>> [MONITOR MBEAN] Active connections [2] in: Catalina:type=DataSource,host=localhost,context=/MyServletProject,class=javax.sql.DataSource,name="jdbc/postgres-pool"
>>> [MONITOR MBEAN] Active connections [2] in: Catalina:type=DataSource,host=localhost,context=/MyServletProject,class=javax.sql.DataSource,name="jdbc/postgres-pool"

[HTTP RESPONSE DEBUG] Request ID: 1
Status Code: 200
Body: <html><head><title>User List</title></head><body>
<h1>Hi, Bro! This is servlet. I am running...</h1><br><br>
<ul>
<li>Name: Terayon</li>
<li>Name: InternetTelecom</li>
</ul>
<br><br><p>Current time: Fri Mar 13 11:32:33 MSK 2026</p>
</body></html>

----------------------

[HTTP RESPONSE DEBUG] Request ID: 3
Status Code: 200
Body: <html><head><title>User List</title></head><body>
<h1>Hi, Bro! This is servlet. I am running...</h1><br><br>
<ul>
<li>Name: Terayon</li>
<li>Name: InternetTelecom</li>
</ul>
<br><br><p>Current time: Fri Mar 13 11:32:33 MSK 2026</p>
</body></html>

----------------------
>>> [MONITOR MBEAN] Thread stopped.
MONITOR MBean: monitor MBean has been stopped.
MONITOR MBean: Peak of connections (numActive):2
Stop Tomcat...
TomCat: TomCat has been stopped.


Monitor DB: Finalisation start...
MONITOR DB final phase.
Monitor DB: Monitor DB is finished.


======= Detail report =======
Request #1 | Start on 0 sec | Duration 11 sec | StatusHttp: 200 | TimeoutError: 0 | MaxWait: 10000 | Sleep: 5000 
Request #2 | Start on 0 sec | Duration 6 sec | StatusHttp: 200 | TimeoutError: 0 | MaxWait: 10000 | Sleep: 5000 
Request #3 | Start on 0 sec | Duration 11 sec | StatusHttp: 200 | TimeoutError: 0 | MaxWait: 10000 | Sleep: 5000 
Request #4 | Start on 0 sec | Duration 6 sec | StatusHttp: 200 | TimeoutError: 0 | MaxWait: 10000 | Sleep: 5000 

======= ASSERT CHECKING FILTER #1: (ODINARY CHECK)=======
ASSERT 7.1: SUCCESS
ASSERT 7.2: SUCCESS
ASSERT 7.3.0: SUCCESS
ASSERT 7.3.1: SUCCESS
ASSERT 7.3.2: SUCCESS
ASSERT 7.3.3: SUCCESS
======= ASSERT CHECKING FILTER #1: END. =======================

======= ASSERT CHECKING FILTER #2: (TOMCAT MBEAN CHECK)=======
ASSERT 8.0: SUCCESS
ASSERT 8.1: SUCCESS
======= ASSERT CHECKING FILTER #2: END. =======================

======= ASSERT CHECKING FILTER #3: (PostgreSql DB CHECK)=======
 MUST BE ADDED HERE! PRINT RESULT OF FILTER #3 CHECKING.
======= ASSERT CHECKING FILTER #3: END. =======================

============ All steps have been completed. Wow! :-) ==================

]]></system-out>
  </testcase>
  <testcase name="testPostgresPool(TestConfig)[2]" classname="TestMaxActiveStrong" time="15.292">
    <system-out><![CDATA[
*******************************************************************************************************

  Run test #: 2
  Conditions: Timeout Fail  All: 4  MaxAct:2  Ok:2 Fast:2 Delay:0 Error:2 MaxWait:   3000 Sleep:5000  .

*******************************************************************************************************

>>> Start of test... Run requests to servlet...
>>> [CLEANUP] Direstories work and temp were cleaned.
>>> [CONFIG] Read context.xml: D:\REPO_JAVA\FinalTest\tomcat\conf\context.xml
>>> [CONFIG] Parameters updated: maxTotal = 2, maxWaitMillis = 3000
>>> [CLEANUP] Force closing Tomcat windows...
>>> [CLEANUP] Done. Starting fresh Tomcat...
>>> [CONFIG] Current User Dir: D:\REPO_JAVA\FinalTest\StrongTestPool
>>> [CONFIG] Target Tomcat Bin: D:\REPO_JAVA\FinalTest\tomcat\bin
>>> TomCat started with JMX on port 9000
TomCat has been started successfully.

MONITOR MBean: Monitor MBean has been started.
Monitor DB: Initialisation start...

MONITOR DB Initialisaion phase.
Monitor DB: Initialisation is finished.

>>> Test run (Time start: 0s)
>>> [MONITOR MBEAN] Connected to JMX. Starting scan...
>>> [MONITOR MBEAN] Active connections [1] in: Catalina:type=DataSource,host=localhost,context=/MyServletProject,class=javax.sql.DataSource,name="jdbc/postgres-pool"
>>> [MONITOR MBEAN] Active connections [2] in: Catalina:type=DataSource,host=localhost,context=/MyServletProject,class=javax.sql.DataSource,name="jdbc/postgres-pool"
>>> [MONITOR MBEAN] Active connections [2] in: Catalina:type=DataSource,host=localhost,context=/MyServletProject,class=javax.sql.DataSource,name="jdbc/postgres-pool"
>>> [MONITOR MBEAN] Active connections [2] in: Catalina:type=DataSource,host=localhost,context=/MyServletProject,class=javax.sql.DataSource,name="jdbc/postgres-pool"
>>> [MONITOR MBEAN] Active connections [2] in: Catalina:type=DataSource,host=localhost,context=/MyServletProject,class=javax.sql.DataSource,name="jdbc/postgres-pool"
>>> [MONITOR MBEAN] Active connections [2] in: Catalina:type=DataSource,host=localhost,context=/MyServletProject,class=javax.sql.DataSource,name="jdbc/postgres-pool"
>>> [MONITOR MBEAN] Active connections [2] in: Catalina:type=DataSource,host=localhost,context=/MyServletProject,class=javax.sql.DataSource,name="jdbc/postgres-pool"
>>> [MONITOR MBEAN] Active connections [2] in: Catalina:type=DataSource,host=localhost,context=/MyServletProject,class=javax.sql.DataSource,name="jdbc/postgres-pool"
>>> [MONITOR MBEAN] Active connections [2] in: Catalina:type=DataSource,host=localhost,context=/MyServletProject,class=javax.sql.DataSource,name="jdbc/postgres-pool"
>>> [MONITOR MBEAN] Active connections [2] in: Catalina:type=DataSource,host=localhost,context=/MyServletProject,class=javax.sql.DataSource,name="jdbc/postgres-pool"
>>> [MONITOR MBEAN] Active connections [2] in: Catalina:type=DataSource,host=localhost,context=/MyServletProject,class=javax.sql.DataSource,name="jdbc/postgres-pool"
>>> [MONITOR MBEAN] Active connections [2] in: Catalina:type=DataSource,host=localhost,context=/MyServletProject,class=javax.sql.DataSource,name="jdbc/postgres-pool"
>>> [MONITOR MBEAN] Active connections [2] in: Catalina:type=DataSource,host=localhost,context=/MyServletProject,class=javax.sql.DataSource,name="jdbc/postgres-pool"
>>> [MONITOR MBEAN] Active connections [2] in: Catalina:type=DataSource,host=localhost,context=/MyServletProject,class=javax.sql.DataSource,name="jdbc/postgres-pool"

[HTTP RESPONSE DEBUG] Request ID: 1
Status Code: 200
Body: <html><head><title>User List</title></head><body>
<h1>Hi, Bro! This is servlet. I am running...</h1><br><br>
<p style='color:red;'>SQL query execution error.. Try again later.</p>
<br><br><p>Current time: Fri Mar 13 11:32:47 MSK 2026</p>
</body></html>

----------------------

[HTTP RESPONSE DEBUG] Request ID: 4
Status Code: 200
Body: <html><head><title>User List</title></head><body>
<h1>Hi, Bro! This is servlet. I am running...</h1><br><br>
<p style='color:red;'>SQL query execution error.. Try again later.</p>
<br><br><p>Current time: Fri Mar 13 11:32:47 MSK 2026</p>
</body></html>

----------------------
>>> [MONITOR MBEAN] Active connections [2] in: Catalina:type=DataSource,host=localhost,context=/MyServletProject,class=javax.sql.DataSource,name="jdbc/postgres-pool"
>>> [MONITOR MBEAN] Active connections [2] in: Catalina:type=DataSource,host=localhost,context=/MyServletProject,class=javax.sql.DataSource,name="jdbc/postgres-pool"
>>> [MONITOR MBEAN] Active connections [2] in: Catalina:type=DataSource,host=localhost,context=/MyServletProject,class=javax.sql.DataSource,name="jdbc/postgres-pool"
>>> [MONITOR MBEAN] Active connections [2] in: Catalina:type=DataSource,host=localhost,context=/MyServletProject,class=javax.sql.DataSource,name="jdbc/postgres-pool"
>>> [MONITOR MBEAN] Active connections [2] in: Catalina:type=DataSource,host=localhost,context=/MyServletProject,class=javax.sql.DataSource,name="jdbc/postgres-pool"
>>> [MONITOR MBEAN] Active connections [2] in: Catalina:type=DataSource,host=localhost,context=/MyServletProject,class=javax.sql.DataSource,name="jdbc/postgres-pool"
>>> [MONITOR MBEAN] Active connections [2] in: Catalina:type=DataSource,host=localhost,context=/MyServletProject,class=javax.sql.DataSource,name="jdbc/postgres-pool"
>>> [MONITOR MBEAN] Active connections [2] in: Catalina:type=DataSource,host=localhost,context=/MyServletProject,class=javax.sql.DataSource,name="jdbc/postgres-pool"
>>> [MONITOR MBEAN] Active connections [2] in: Catalina:type=DataSource,host=localhost,context=/MyServletProject,class=javax.sql.DataSource,name="jdbc/postgres-pool"
>>> [MONITOR MBEAN] Active connections [2] in: Catalina:type=DataSource,host=localhost,context=/MyServletProject,class=javax.sql.DataSource,name="jdbc/postgres-pool"

[HTTP RESPONSE DEBUG] Request ID: 2
Status Code: 200
Body: <html><head><title>User List</title></head><body>
<h1>Hi, Bro! This is servlet. I am running...</h1><br><br>
<ul>
<li>Name: Terayon</li>
<li>Name: InternetTelecom</li>
</ul>
<br><br><p>Current time: Fri Mar 13 11:32:49 MSK 2026</p>
</body></html>

----------------------

[HTTP RESPONSE DEBUG] Request ID: 3
Status Code: 200
Body: <html><head><title>User List</title></head><body>
<h1>Hi, Bro! This is servlet. I am running...</h1><br><br>
<ul>
<li>Name: Terayon</li>
<li>Name: InternetTelecom</li>
</ul>
<br><br><p>Current time: Fri Mar 13 11:32:49 MSK 2026</p>
</body></html>

----------------------
>>> [MONITOR MBEAN] Thread stopped.
MONITOR MBean: monitor MBean has been stopped.
MONITOR MBean: Peak of connections (numActive):2
Stop Tomcat...
TomCat: TomCat has been stopped.


Monitor DB: Finalisation start...
MONITOR DB final phase.
Monitor DB: Monitor DB is finished.


======= Detail report =======
Request #1 | Start on 0 sec | Duration 4 sec | StatusHttp: 200 | TimeoutError: 1 | MaxWait: 3000 | Sleep: 5000 
Request #2 | Start on 0 sec | Duration 6 sec | StatusHttp: 200 | TimeoutError: 0 | MaxWait: 3000 | Sleep: 5000 
Request #3 | Start on 0 sec | Duration 6 sec | StatusHttp: 200 | TimeoutError: 0 | MaxWait: 3000 | Sleep: 5000 
Request #4 | Start on 0 sec | Duration 4 sec | StatusHttp: 200 | TimeoutError: 1 | MaxWait: 3000 | Sleep: 5000 

======= ASSERT CHECKING FILTER #1: (ODINARY CHECK)=======
ASSERT 7.1: SUCCESS
ASSERT 7.2: SUCCESS
ASSERT 7.3.0: SUCCESS
ASSERT 7.3.1: SUCCESS
======= ASSERT CHECKING FILTER #1: END. =======================

======= ASSERT CHECKING FILTER #2: (TOMCAT MBEAN CHECK)=======
ASSERT 8.0: SUCCESS
ASSERT 8.1: SUCCESS
======= ASSERT CHECKING FILTER #2: END. =======================

======= ASSERT CHECKING FILTER #3: (PostgreSql DB CHECK)=======
 MUST BE ADDED HERE! PRINT RESULT OF FILTER #3 CHECKING.
======= ASSERT CHECKING FILTER #3: END. =======================

============ All steps have been completed. Wow! :-) ==================

]]></system-out>
  </testcase>
  <testcase name="testPostgresPool(TestConfig)[3]" classname="TestMaxActiveStrong" time="30.104">
    <system-out><![CDATA[
*******************************************************************************************************

  Run test #: 3
  Conditions: Stairway      All: 4  MaxAct:1  OK:4 Fast:1 Delay:3 Error:0 MaxWait:  30000 Sleep:5000  .

*******************************************************************************************************

>>> Start of test... Run requests to servlet...
>>> [CLEANUP] Direstories work and temp were cleaned.
>>> [CONFIG] Read context.xml: D:\REPO_JAVA\FinalTest\tomcat\conf\context.xml
>>> [CONFIG] Parameters updated: maxTotal = 1, maxWaitMillis = 30000
>>> [CLEANUP] Force closing Tomcat windows...
>>> [CLEANUP] Done. Starting fresh Tomcat...
>>> [CONFIG] Current User Dir: D:\REPO_JAVA\FinalTest\StrongTestPool
>>> [CONFIG] Target Tomcat Bin: D:\REPO_JAVA\FinalTest\tomcat\bin
>>> TomCat started with JMX on port 9000
TomCat has been started successfully.

MONITOR MBean: Monitor MBean has been started.
Monitor DB: Initialisation start...

MONITOR DB Initialisaion phase.
Monitor DB: Initialisation is finished.

>>> Test run (Time start: 0s)
>>> [MONITOR MBEAN] Connected to JMX. Starting scan...
>>> [MONITOR MBEAN] Active connections [1] in: Catalina:type=DataSource,host=localhost,context=/MyServletProject,class=javax.sql.DataSource,name="jdbc/postgres-pool"
>>> [MONITOR MBEAN] Active connections [1] in: Catalina:type=DataSource,host=localhost,context=/MyServletProject,class=javax.sql.DataSource,name="jdbc/postgres-pool"
>>> [MONITOR MBEAN] Active connections [1] in: Catalina:type=DataSource,host=localhost,context=/MyServletProject,class=javax.sql.DataSource,name="jdbc/postgres-pool"
>>> [MONITOR MBEAN] Active connections [1] in: Catalina:type=DataSource,host=localhost,context=/MyServletProject,class=javax.sql.DataSource,name="jdbc/postgres-pool"
>>> [MONITOR MBEAN] Active connections [1] in: Catalina:type=DataSource,host=localhost,context=/MyServletProject,class=javax.sql.DataSource,name="jdbc/postgres-pool"
>>> [MONITOR MBEAN] Active connections [1] in: Catalina:type=DataSource,host=localhost,context=/MyServletProject,class=javax.sql.DataSource,name="jdbc/postgres-pool"
>>> [MONITOR MBEAN] Active connections [1] in: Catalina:type=DataSource,host=localhost,context=/MyServletProject,class=javax.sql.DataSource,name="jdbc/postgres-pool"
>>> [MONITOR MBEAN] Active connections [1] in: Catalina:type=DataSource,host=localhost,context=/MyServletProject,class=javax.sql.DataSource,name="jdbc/postgres-pool"
>>> [MONITOR MBEAN] Active connections [1] in: Catalina:type=DataSource,host=localhost,context=/MyServletProject,class=javax.sql.DataSource,name="jdbc/postgres-pool"
>>> [MONITOR MBEAN] Active connections [1] in: Catalina:type=DataSource,host=localhost,context=/MyServletProject,class=javax.sql.DataSource,name="jdbc/postgres-pool"
>>> [MONITOR MBEAN] Active connections [1] in: Catalina:type=DataSource,host=localhost,context=/MyServletProject,class=javax.sql.DataSource,name="jdbc/postgres-pool"
>>> [MONITOR MBEAN] Active connections [1] in: Catalina:type=DataSource,host=localhost,context=/MyServletProject,class=javax.sql.DataSource,name="jdbc/postgres-pool"
>>> [MONITOR MBEAN] Active connections [1] in: Catalina:type=DataSource,host=localhost,context=/MyServletProject,class=javax.sql.DataSource,name="jdbc/postgres-pool"
>>> [MONITOR MBEAN] Active connections [1] in: Catalina:type=DataSource,host=localhost,context=/MyServletProject,class=javax.sql.DataSource,name="jdbc/postgres-pool"
>>> [MONITOR MBEAN] Active connections [1] in: Catalina:type=DataSource,host=localhost,context=/MyServletProject,class=javax.sql.DataSource,name="jdbc/postgres-pool"
>>> [MONITOR MBEAN] Active connections [1] in: Catalina:type=DataSource,host=localhost,context=/MyServletProject,class=javax.sql.DataSource,name="jdbc/postgres-pool"
>>> [MONITOR MBEAN] Active connections [1] in: Catalina:type=DataSource,host=localhost,context=/MyServletProject,class=javax.sql.DataSource,name="jdbc/postgres-pool"
>>> [MONITOR MBEAN] Active connections [1] in: Catalina:type=DataSource,host=localhost,context=/MyServletProject,class=javax.sql.DataSource,name="jdbc/postgres-pool"
>>> [MONITOR MBEAN] Active connections [1] in: Catalina:type=DataSource,host=localhost,context=/MyServletProject,class=javax.sql.DataSource,name="jdbc/postgres-pool"
>>> [MONITOR MBEAN] Active connections [1] in: Catalina:type=DataSource,host=localhost,context=/MyServletProject,class=javax.sql.DataSource,name="jdbc/postgres-pool"
>>> [MONITOR MBEAN] Active connections [1] in: Catalina:type=DataSource,host=localhost,context=/MyServletProject,class=javax.sql.DataSource,name="jdbc/postgres-pool"
>>> [MONITOR MBEAN] Active connections [1] in: Catalina:type=DataSource,host=localhost,context=/MyServletProject,class=javax.sql.DataSource,name="jdbc/postgres-pool"
>>> [MONITOR MBEAN] Active connections [1] in: Catalina:type=DataSource,host=localhost,context=/MyServletProject,class=javax.sql.DataSource,name="jdbc/postgres-pool"

[HTTP RESPONSE DEBUG] Request ID: 3
Status Code: 200
Body: <html><head><title>User List</title></head><body>
<h1>Hi, Bro! This is servlet. I am running...</h1><br><br>
<ul>
<li>Name: Terayon</li>
<li>Name: InternetTelecom</li>
</ul>
<br><br><p>Current time: Fri Mar 13 11:33:04 MSK 2026</p>
</body></html>

----------------------
>>> [MONITOR MBEAN] Active connections [1] in: Catalina:type=DataSource,host=localhost,context=/MyServletProject,class=javax.sql.DataSource,name="jdbc/postgres-pool"
>>> [MONITOR MBEAN] Active connections [1] in: Catalina:type=DataSource,host=localhost,context=/MyServletProject,class=javax.sql.DataSource,name="jdbc/postgres-pool"
>>> [MONITOR MBEAN] Active connections [1] in: Catalina:type=DataSource,host=localhost,context=/MyServletProject,class=javax.sql.DataSource,name="jdbc/postgres-pool"
>>> [MONITOR MBEAN] Active connections [1] in: Catalina:type=DataSource,host=localhost,context=/MyServletProject,class=javax.sql.DataSource,name="jdbc/postgres-pool"
>>> [MONITOR MBEAN] Active connections [1] in: Catalina:type=DataSource,host=localhost,context=/MyServletProject,class=javax.sql.DataSource,name="jdbc/postgres-pool"
>>> [MONITOR MBEAN] Active connections [1] in: Catalina:type=DataSource,host=localhost,context=/MyServletProject,class=javax.sql.DataSource,name="jdbc/postgres-pool"
>>> [MONITOR MBEAN] Active connections [1] in: Catalina:type=DataSource,host=localhost,context=/MyServletProject,class=javax.sql.DataSource,name="jdbc/postgres-pool"
>>> [MONITOR MBEAN] Active connections [1] in: Catalina:type=DataSource,host=localhost,context=/MyServletProject,class=javax.sql.DataSource,name="jdbc/postgres-pool"
>>> [MONITOR MBEAN] Active connections [1] in: Catalina:type=DataSource,host=localhost,context=/MyServletProject,class=javax.sql.DataSource,name="jdbc/postgres-pool"
>>> [MONITOR MBEAN] Active connections [1] in: Catalina:type=DataSource,host=localhost,context=/MyServletProject,class=javax.sql.DataSource,name="jdbc/postgres-pool"
>>> [MONITOR MBEAN] Active connections [1] in: Catalina:type=DataSource,host=localhost,context=/MyServletProject,class=javax.sql.DataSource,name="jdbc/postgres-pool"
>>> [MONITOR MBEAN] Active connections [1] in: Catalina:type=DataSource,host=localhost,context=/MyServletProject,class=javax.sql.DataSource,name="jdbc/postgres-pool"
>>> [MONITOR MBEAN] Active connections [1] in: Catalina:type=DataSource,host=localhost,context=/MyServletProject,class=javax.sql.DataSource,name="jdbc/postgres-pool"
>>> [MONITOR MBEAN] Active connections [1] in: Catalina:type=DataSource,host=localhost,context=/MyServletProject,class=javax.sql.DataSource,name="jdbc/postgres-pool"
>>> [MONITOR MBEAN] Active connections [1] in: Catalina:type=DataSource,host=localhost,context=/MyServletProject,class=javax.sql.DataSource,name="jdbc/postgres-pool"
>>> [MONITOR MBEAN] Active connections [1] in: Catalina:type=DataSource,host=localhost,context=/MyServletProject,class=javax.sql.DataSource,name="jdbc/postgres-pool"
>>> [MONITOR MBEAN] Active connections [1] in: Catalina:type=DataSource,host=localhost,context=/MyServletProject,class=javax.sql.DataSource,name="jdbc/postgres-pool"
>>> [MONITOR MBEAN] Active connections [1] in: Catalina:type=DataSource,host=localhost,context=/MyServletProject,class=javax.sql.DataSource,name="jdbc/postgres-pool"
>>> [MONITOR MBEAN] Active connections [1] in: Catalina:type=DataSource,host=localhost,context=/MyServletProject,class=javax.sql.DataSource,name="jdbc/postgres-pool"
>>> [MONITOR MBEAN] Active connections [1] in: Catalina:type=DataSource,host=localhost,context=/MyServletProject,class=javax.sql.DataSource,name="jdbc/postgres-pool"
>>> [MONITOR MBEAN] Active connections [1] in: Catalina:type=DataSource,host=localhost,context=/MyServletProject,class=javax.sql.DataSource,name="jdbc/postgres-pool"
>>> [MONITOR MBEAN] Active connections [1] in: Catalina:type=DataSource,host=localhost,context=/MyServletProject,class=javax.sql.DataSource,name="jdbc/postgres-pool"
>>> [MONITOR MBEAN] Active connections [1] in: Catalina:type=DataSource,host=localhost,context=/MyServletProject,class=javax.sql.DataSource,name="jdbc/postgres-pool"
>>> [MONITOR MBEAN] Active connections [1] in: Catalina:type=DataSource,host=localhost,context=/MyServletProject,class=javax.sql.DataSource,name="jdbc/postgres-pool"

[HTTP RESPONSE DEBUG] Request ID: 1
Status Code: 200
Body: <html><head><title>User List</title></head><body>
<h1>Hi, Bro! This is servlet. I am running...</h1><br><br>
<ul>
<li>Name: Terayon</li>
<li>Name: InternetTelecom</li>
</ul>
<br><br><p>Current time: Fri Mar 13 11:33:09 MSK 2026</p>
</body></html>

----------------------
>>> [MONITOR MBEAN] Active connections [1] in: Catalina:type=DataSource,host=localhost,context=/MyServletProject,class=javax.sql.DataSource,name="jdbc/postgres-pool"
>>> [MONITOR MBEAN] Active connections [1] in: Catalina:type=DataSource,host=localhost,context=/MyServletProject,class=javax.sql.DataSource,name="jdbc/postgres-pool"
>>> [MONITOR MBEAN] Active connections [1] in: Catalina:type=DataSource,host=localhost,context=/MyServletProject,class=javax.sql.DataSource,name="jdbc/postgres-pool"
>>> [MONITOR MBEAN] Active connections [1] in: Catalina:type=DataSource,host=localhost,context=/MyServletProject,class=javax.sql.DataSource,name="jdbc/postgres-pool"
>>> [MONITOR MBEAN] Active connections [1] in: Catalina:type=DataSource,host=localhost,context=/MyServletProject,class=javax.sql.DataSource,name="jdbc/postgres-pool"
>>> [MONITOR MBEAN] Active connections [1] in: Catalina:type=DataSource,host=localhost,context=/MyServletProject,class=javax.sql.DataSource,name="jdbc/postgres-pool"
>>> [MONITOR MBEAN] Active connections [1] in: Catalina:type=DataSource,host=localhost,context=/MyServletProject,class=javax.sql.DataSource,name="jdbc/postgres-pool"
>>> [MONITOR MBEAN] Active connections [1] in: Catalina:type=DataSource,host=localhost,context=/MyServletProject,class=javax.sql.DataSource,name="jdbc/postgres-pool"
>>> [MONITOR MBEAN] Active connections [1] in: Catalina:type=DataSource,host=localhost,context=/MyServletProject,class=javax.sql.DataSource,name="jdbc/postgres-pool"
>>> [MONITOR MBEAN] Active connections [1] in: Catalina:type=DataSource,host=localhost,context=/MyServletProject,class=javax.sql.DataSource,name="jdbc/postgres-pool"
>>> [MONITOR MBEAN] Active connections [1] in: Catalina:type=DataSource,host=localhost,context=/MyServletProject,class=javax.sql.DataSource,name="jdbc/postgres-pool"
>>> [MONITOR MBEAN] Active connections [1] in: Catalina:type=DataSource,host=localhost,context=/MyServletProject,class=javax.sql.DataSource,name="jdbc/postgres-pool"
>>> [MONITOR MBEAN] Active connections [1] in: Catalina:type=DataSource,host=localhost,context=/MyServletProject,class=javax.sql.DataSource,name="jdbc/postgres-pool"
>>> [MONITOR MBEAN] Active connections [1] in: Catalina:type=DataSource,host=localhost,context=/MyServletProject,class=javax.sql.DataSource,name="jdbc/postgres-pool"
>>> [MONITOR MBEAN] Active connections [1] in: Catalina:type=DataSource,host=localhost,context=/MyServletProject,class=javax.sql.DataSource,name="jdbc/postgres-pool"
>>> [MONITOR MBEAN] Active connections [1] in: Catalina:type=DataSource,host=localhost,context=/MyServletProject,class=javax.sql.DataSource,name="jdbc/postgres-pool"
>>> [MONITOR MBEAN] Active connections [1] in: Catalina:type=DataSource,host=localhost,context=/MyServletProject,class=javax.sql.DataSource,name="jdbc/postgres-pool"
>>> [MONITOR MBEAN] Active connections [1] in: Catalina:type=DataSource,host=localhost,context=/MyServletProject,class=javax.sql.DataSource,name="jdbc/postgres-pool"
>>> [MONITOR MBEAN] Active connections [1] in: Catalina:type=DataSource,host=localhost,context=/MyServletProject,class=javax.sql.DataSource,name="jdbc/postgres-pool"
>>> [MONITOR MBEAN] Active connections [1] in: Catalina:type=DataSource,host=localhost,context=/MyServletProject,class=javax.sql.DataSource,name="jdbc/postgres-pool"
>>> [MONITOR MBEAN] Active connections [1] in: Catalina:type=DataSource,host=localhost,context=/MyServletProject,class=javax.sql.DataSource,name="jdbc/postgres-pool"
>>> [MONITOR MBEAN] Active connections [1] in: Catalina:type=DataSource,host=localhost,context=/MyServletProject,class=javax.sql.DataSource,name="jdbc/postgres-pool"
>>> [MONITOR MBEAN] Active connections [1] in: Catalina:type=DataSource,host=localhost,context=/MyServletProject,class=javax.sql.DataSource,name="jdbc/postgres-pool"

[HTTP RESPONSE DEBUG] Request ID: 4
Status Code: 200
Body: <html><head><title>User List</title></head><body>
<h1>Hi, Bro! This is servlet. I am running...</h1><br><br>
<ul>
<li>Name: Terayon</li>
<li>Name: InternetTelecom</li>
</ul>
<br><br><p>Current time: Fri Mar 13 11:33:14 MSK 2026</p>
</body></html>

----------------------
>>> [MONITOR MBEAN] Active connections [1] in: Catalina:type=DataSource,host=localhost,context=/MyServletProject,class=javax.sql.DataSource,name="jdbc/postgres-pool"
>>> [MONITOR MBEAN] Active connections [1] in: Catalina:type=DataSource,host=localhost,context=/MyServletProject,class=javax.sql.DataSource,name="jdbc/postgres-pool"
>>> [MONITOR MBEAN] Active connections [1] in: Catalina:type=DataSource,host=localhost,context=/MyServletProject,class=javax.sql.DataSource,name="jdbc/postgres-pool"
>>> [MONITOR MBEAN] Active connections [1] in: Catalina:type=DataSource,host=localhost,context=/MyServletProject,class=javax.sql.DataSource,name="jdbc/postgres-pool"
>>> [MONITOR MBEAN] Active connections [1] in: Catalina:type=DataSource,host=localhost,context=/MyServletProject,class=javax.sql.DataSource,name="jdbc/postgres-pool"
>>> [MONITOR MBEAN] Active connections [1] in: Catalina:type=DataSource,host=localhost,context=/MyServletProject,class=javax.sql.DataSource,name="jdbc/postgres-pool"
>>> [MONITOR MBEAN] Active connections [1] in: Catalina:type=DataSource,host=localhost,context=/MyServletProject,class=javax.sql.DataSource,name="jdbc/postgres-pool"
>>> [MONITOR MBEAN] Active connections [1] in: Catalina:type=DataSource,host=localhost,context=/MyServletProject,class=javax.sql.DataSource,name="jdbc/postgres-pool"
>>> [MONITOR MBEAN] Active connections [1] in: Catalina:type=DataSource,host=localhost,context=/MyServletProject,class=javax.sql.DataSource,name="jdbc/postgres-pool"
>>> [MONITOR MBEAN] Active connections [1] in: Catalina:type=DataSource,host=localhost,context=/MyServletProject,class=javax.sql.DataSource,name="jdbc/postgres-pool"
>>> [MONITOR MBEAN] Active connections [1] in: Catalina:type=DataSource,host=localhost,context=/MyServletProject,class=javax.sql.DataSource,name="jdbc/postgres-pool"
>>> [MONITOR MBEAN] Active connections [1] in: Catalina:type=DataSource,host=localhost,context=/MyServletProject,class=javax.sql.DataSource,name="jdbc/postgres-pool"
>>> [MONITOR MBEAN] Active connections [1] in: Catalina:type=DataSource,host=localhost,context=/MyServletProject,class=javax.sql.DataSource,name="jdbc/postgres-pool"
>>> [MONITOR MBEAN] Active connections [1] in: Catalina:type=DataSource,host=localhost,context=/MyServletProject,class=javax.sql.DataSource,name="jdbc/postgres-pool"
>>> [MONITOR MBEAN] Active connections [1] in: Catalina:type=DataSource,host=localhost,context=/MyServletProject,class=javax.sql.DataSource,name="jdbc/postgres-pool"
>>> [MONITOR MBEAN] Active connections [1] in: Catalina:type=DataSource,host=localhost,context=/MyServletProject,class=javax.sql.DataSource,name="jdbc/postgres-pool"
>>> [MONITOR MBEAN] Active connections [1] in: Catalina:type=DataSource,host=localhost,context=/MyServletProject,class=javax.sql.DataSource,name="jdbc/postgres-pool"
>>> [MONITOR MBEAN] Active connections [1] in: Catalina:type=DataSource,host=localhost,context=/MyServletProject,class=javax.sql.DataSource,name="jdbc/postgres-pool"
>>> [MONITOR MBEAN] Active connections [1] in: Catalina:type=DataSource,host=localhost,context=/MyServletProject,class=javax.sql.DataSource,name="jdbc/postgres-pool"
>>> [MONITOR MBEAN] Active connections [1] in: Catalina:type=DataSource,host=localhost,context=/MyServletProject,class=javax.sql.DataSource,name="jdbc/postgres-pool"
>>> [MONITOR MBEAN] Active connections [1] in: Catalina:type=DataSource,host=localhost,context=/MyServletProject,class=javax.sql.DataSource,name="jdbc/postgres-pool"
>>> [MONITOR MBEAN] Active connections [1] in: Catalina:type=DataSource,host=localhost,context=/MyServletProject,class=javax.sql.DataSource,name="jdbc/postgres-pool"
>>> [MONITOR MBEAN] Active connections [1] in: Catalina:type=DataSource,host=localhost,context=/MyServletProject,class=javax.sql.DataSource,name="jdbc/postgres-pool"
>>> [MONITOR MBEAN] Active connections [1] in: Catalina:type=DataSource,host=localhost,context=/MyServletProject,class=javax.sql.DataSource,name="jdbc/postgres-pool"

[HTTP RESPONSE DEBUG] Request ID: 2
Status Code: 200
Body: <html><head><title>User List</title></head><body>
<h1>Hi, Bro! This is servlet. I am running...</h1><br><br>
<ul>
<li>Name: Terayon</li>
<li>Name: InternetTelecom</li>
</ul>
<br><br><p>Current time: Fri Mar 13 11:33:19 MSK 2026</p>
</body></html>

----------------------
>>> [MONITOR MBEAN] Thread stopped.
MONITOR MBean: monitor MBean has been stopped.
MONITOR MBean: Peak of connections (numActive):1
Stop Tomcat...
TomCat: TomCat has been stopped.


Monitor DB: Finalisation start...
MONITOR DB final phase.
Monitor DB: Monitor DB is finished.


======= Detail report =======
Request #1 | Start on 0 sec | Duration 11 sec | StatusHttp: 200 | TimeoutError: 0 | MaxWait: 30000 | Sleep: 5000 
Request #2 | Start on 0 sec | Duration 21 sec | StatusHttp: 200 | TimeoutError: 0 | MaxWait: 30000 | Sleep: 5000 
Request #3 | Start on 0 sec | Duration 6 sec | StatusHttp: 200 | TimeoutError: 0 | MaxWait: 30000 | Sleep: 5000 
Request #4 | Start on 0 sec | Duration 16 sec | StatusHttp: 200 | TimeoutError: 0 | MaxWait: 30000 | Sleep: 5000 

======= ASSERT CHECKING FILTER #1: (ODINARY CHECK)=======
ASSERT 7.1: SUCCESS
ASSERT 7.2: SUCCESS
ASSERT 7.3.0: SUCCESS
ASSERT 7.3.1: SUCCESS
ASSERT 7.3.2: SUCCESS
ASSERT 7.3.3: SUCCESS
======= ASSERT CHECKING FILTER #1: END. =======================

======= ASSERT CHECKING FILTER #2: (TOMCAT MBEAN CHECK)=======
ASSERT 8.0: SUCCESS
ASSERT 8.1: SUCCESS
======= ASSERT CHECKING FILTER #2: END. =======================

======= ASSERT CHECKING FILTER #3: (PostgreSql DB CHECK)=======
 MUST BE ADDED HERE! PRINT RESULT OF FILTER #3 CHECKING.
======= ASSERT CHECKING FILTER #3: END. =======================

============ All steps have been completed. Wow! :-) ==================

]]></system-out>
  </testcase>
  <testcase name="testPostgresPool(TestConfig)[4]" classname="TestMaxActiveStrong" time="15.265">
    <system-out><![CDATA[
*******************************************************************************************************

  Run test #: 4
  Conditions: Fast timeout  All: 4  MaxAct:2  OK:2 Fast:2 Delay:0 Error:2 MaxWait:    100 Sleep:5000  .

*******************************************************************************************************

>>> Start of test... Run requests to servlet...
>>> [CLEANUP] Direstories work and temp were cleaned.
>>> [CONFIG] Read context.xml: D:\REPO_JAVA\FinalTest\tomcat\conf\context.xml
>>> [CONFIG] Parameters updated: maxTotal = 2, maxWaitMillis = 100
>>> [CLEANUP] Force closing Tomcat windows...
>>> [CLEANUP] Done. Starting fresh Tomcat...
>>> [CONFIG] Current User Dir: D:\REPO_JAVA\FinalTest\StrongTestPool
>>> [CONFIG] Target Tomcat Bin: D:\REPO_JAVA\FinalTest\tomcat\bin
>>> TomCat started with JMX on port 9000
TomCat has been started successfully.

MONITOR MBean: Monitor MBean has been started.
Monitor DB: Initialisation start...

MONITOR DB Initialisaion phase.
Monitor DB: Initialisation is finished.

>>> Test run (Time start: 0s)
>>> [MONITOR MBEAN] Connected to JMX. Starting scan...

[HTTP RESPONSE DEBUG] Request ID: 3
Status Code: 200
Body: <html><head><title>User List</title></head><body>
<h1>Hi, Bro! This is servlet. I am running...</h1><br><br>
<p style='color:red;'>SQL query execution error.. Try again later.</p>
<br><br><p>Current time: Fri Mar 13 11:33:29 MSK 2026</p>
</body></html>

----------------------

[HTTP RESPONSE DEBUG] Request ID: 1
Status Code: 200
Body: <html><head><title>User List</title></head><body>
<h1>Hi, Bro! This is servlet. I am running...</h1><br><br>
<p style='color:red;'>SQL query execution error.. Try again later.</p>
<br><br><p>Current time: Fri Mar 13 11:33:29 MSK 2026</p>
</body></html>

----------------------
>>> [MONITOR MBEAN] Active connections [2] in: Catalina:type=DataSource,host=localhost,context=/MyServletProject,class=javax.sql.DataSource,name="jdbc/postgres-pool"
>>> [MONITOR MBEAN] Active connections [2] in: Catalina:type=DataSource,host=localhost,context=/MyServletProject,class=javax.sql.DataSource,name="jdbc/postgres-pool"
>>> [MONITOR MBEAN] Active connections [2] in: Catalina:type=DataSource,host=localhost,context=/MyServletProject,class=javax.sql.DataSource,name="jdbc/postgres-pool"
>>> [MONITOR MBEAN] Active connections [2] in: Catalina:type=DataSource,host=localhost,context=/MyServletProject,class=javax.sql.DataSource,name="jdbc/postgres-pool"
>>> [MONITOR MBEAN] Active connections [2] in: Catalina:type=DataSource,host=localhost,context=/MyServletProject,class=javax.sql.DataSource,name="jdbc/postgres-pool"
>>> [MONITOR MBEAN] Active connections [2] in: Catalina:type=DataSource,host=localhost,context=/MyServletProject,class=javax.sql.DataSource,name="jdbc/postgres-pool"
>>> [MONITOR MBEAN] Active connections [2] in: Catalina:type=DataSource,host=localhost,context=/MyServletProject,class=javax.sql.DataSource,name="jdbc/postgres-pool"
>>> [MONITOR MBEAN] Active connections [2] in: Catalina:type=DataSource,host=localhost,context=/MyServletProject,class=javax.sql.DataSource,name="jdbc/postgres-pool"
>>> [MONITOR MBEAN] Active connections [2] in: Catalina:type=DataSource,host=localhost,context=/MyServletProject,class=javax.sql.DataSource,name="jdbc/postgres-pool"
>>> [MONITOR MBEAN] Active connections [2] in: Catalina:type=DataSource,host=localhost,context=/MyServletProject,class=javax.sql.DataSource,name="jdbc/postgres-pool"
>>> [MONITOR MBEAN] Active connections [2] in: Catalina:type=DataSource,host=localhost,context=/MyServletProject,class=javax.sql.DataSource,name="jdbc/postgres-pool"
>>> [MONITOR MBEAN] Active connections [2] in: Catalina:type=DataSource,host=localhost,context=/MyServletProject,class=javax.sql.DataSource,name="jdbc/postgres-pool"
>>> [MONITOR MBEAN] Active connections [2] in: Catalina:type=DataSource,host=localhost,context=/MyServletProject,class=javax.sql.DataSource,name="jdbc/postgres-pool"
>>> [MONITOR MBEAN] Active connections [2] in: Catalina:type=DataSource,host=localhost,context=/MyServletProject,class=javax.sql.DataSource,name="jdbc/postgres-pool"
>>> [MONITOR MBEAN] Active connections [2] in: Catalina:type=DataSource,host=localhost,context=/MyServletProject,class=javax.sql.DataSource,name="jdbc/postgres-pool"
>>> [MONITOR MBEAN] Active connections [2] in: Catalina:type=DataSource,host=localhost,context=/MyServletProject,class=javax.sql.DataSource,name="jdbc/postgres-pool"
>>> [MONITOR MBEAN] Active connections [2] in: Catalina:type=DataSource,host=localhost,context=/MyServletProject,class=javax.sql.DataSource,name="jdbc/postgres-pool"
>>> [MONITOR MBEAN] Active connections [2] in: Catalina:type=DataSource,host=localhost,context=/MyServletProject,class=javax.sql.DataSource,name="jdbc/postgres-pool"
>>> [MONITOR MBEAN] Active connections [2] in: Catalina:type=DataSource,host=localhost,context=/MyServletProject,class=javax.sql.DataSource,name="jdbc/postgres-pool"
>>> [MONITOR MBEAN] Active connections [2] in: Catalina:type=DataSource,host=localhost,context=/MyServletProject,class=javax.sql.DataSource,name="jdbc/postgres-pool"
>>> [MONITOR MBEAN] Active connections [2] in: Catalina:type=DataSource,host=localhost,context=/MyServletProject,class=javax.sql.DataSource,name="jdbc/postgres-pool"
>>> [MONITOR MBEAN] Active connections [2] in: Catalina:type=DataSource,host=localhost,context=/MyServletProject,class=javax.sql.DataSource,name="jdbc/postgres-pool"
>>> [MONITOR MBEAN] Active connections [2] in: Catalina:type=DataSource,host=localhost,context=/MyServletProject,class=javax.sql.DataSource,name="jdbc/postgres-pool"

[HTTP RESPONSE DEBUG] Request ID: 2
Status Code: 200
Body: <html><head><title>User List</title></head><body>
<h1>Hi, Bro! This is servlet. I am running...</h1><br><br>
<ul>
<li>Name: Terayon</li>
<li>Name: InternetTelecom</li>
</ul>
<br><br><p>Current time: Fri Mar 13 11:33:34 MSK 2026</p>
</body></html>

----------------------

[HTTP RESPONSE DEBUG] Request ID: 4
Status Code: 200
Body: <html><head><title>User List</title></head><body>
<h1>Hi, Bro! This is servlet. I am running...</h1><br><br>
<ul>
<li>Name: Terayon</li>
<li>Name: InternetTelecom</li>
</ul>
<br><br><p>Current time: Fri Mar 13 11:33:34 MSK 2026</p>
</body></html>

----------------------
>>> [MONITOR MBEAN] Thread stopped.
MONITOR MBean: monitor MBean has been stopped.
MONITOR MBean: Peak of connections (numActive):2
Stop Tomcat...
TomCat: TomCat has been stopped.


Monitor DB: Finalisation start...
MONITOR DB final phase.
Monitor DB: Monitor DB is finished.


======= Detail report =======
Request #1 | Start on 0 sec | Duration 1 sec | StatusHttp: 200 | TimeoutError: 1 | MaxWait: 100 | Sleep: 5000 
Request #2 | Start on 0 sec | Duration 6 sec | StatusHttp: 200 | TimeoutError: 0 | MaxWait: 100 | Sleep: 5000 
Request #3 | Start on 0 sec | Duration 1 sec | StatusHttp: 200 | TimeoutError: 1 | MaxWait: 100 | Sleep: 5000 
Request #4 | Start on 0 sec | Duration 6 sec | StatusHttp: 200 | TimeoutError: 0 | MaxWait: 100 | Sleep: 5000 

======= ASSERT CHECKING FILTER #1: (ODINARY CHECK)=======
ASSERT 7.1: SUCCESS
ASSERT 7.2: SUCCESS
ASSERT 7.3.0: SUCCESS
ASSERT 7.3.1: SUCCESS
======= ASSERT CHECKING FILTER #1: END. =======================

======= ASSERT CHECKING FILTER #2: (TOMCAT MBEAN CHECK)=======
ASSERT 8.0: SUCCESS
ASSERT 8.1: SUCCESS
======= ASSERT CHECKING FILTER #2: END. =======================

======= ASSERT CHECKING FILTER #3: (PostgreSql DB CHECK)=======
 MUST BE ADDED HERE! PRINT RESULT OF FILTER #3 CHECKING.
======= ASSERT CHECKING FILTER #3: END. =======================

============ All steps have been completed. Wow! :-) ==================

]]></system-out>
  </testcase>
  <testcase name="testPostgresPool(TestConfig)[5]" classname="TestMaxActiveStrong" time="15.398">
    <system-out><![CDATA[
*******************************************************************************************************

  Run test #: 5
  Conditions: Wide gateway  All: 4  MaxAct:10 OK:4 Fast:4 Delay:0 Error:0 MaxWait: 100000 Sleep:5000  .

*******************************************************************************************************

>>> Start of test... Run requests to servlet...
>>> [CLEANUP] Direstories work and temp were cleaned.
>>> [CONFIG] Read context.xml: D:\REPO_JAVA\FinalTest\tomcat\conf\context.xml
>>> [CONFIG] Parameters updated: maxTotal = 10, maxWaitMillis = 100000
>>> [CLEANUP] Force closing Tomcat windows...
>>> [CLEANUP] Done. Starting fresh Tomcat...
>>> [CONFIG] Current User Dir: D:\REPO_JAVA\FinalTest\StrongTestPool
>>> [CONFIG] Target Tomcat Bin: D:\REPO_JAVA\FinalTest\tomcat\bin
>>> TomCat started with JMX on port 9000
TomCat has been started successfully.

MONITOR MBean: Monitor MBean has been started.
Monitor DB: Initialisation start...

MONITOR DB Initialisaion phase.
Monitor DB: Initialisation is finished.

>>> Test run (Time start: 0s)
>>> [MONITOR MBEAN] Connected to JMX. Starting scan...
>>> [MONITOR MBEAN] Active connections [4] in: Catalina:type=DataSource,host=localhost,context=/MyServletProject,class=javax.sql.DataSource,name="jdbc/postgres-pool"
>>> [MONITOR MBEAN] Active connections [4] in: Catalina:type=DataSource,host=localhost,context=/MyServletProject,class=javax.sql.DataSource,name="jdbc/postgres-pool"
>>> [MONITOR MBEAN] Active connections [4] in: Catalina:type=DataSource,host=localhost,context=/MyServletProject,class=javax.sql.DataSource,name="jdbc/postgres-pool"
>>> [MONITOR MBEAN] Active connections [4] in: Catalina:type=DataSource,host=localhost,context=/MyServletProject,class=javax.sql.DataSource,name="jdbc/postgres-pool"
>>> [MONITOR MBEAN] Active connections [4] in: Catalina:type=DataSource,host=localhost,context=/MyServletProject,class=javax.sql.DataSource,name="jdbc/postgres-pool"
>>> [MONITOR MBEAN] Active connections [4] in: Catalina:type=DataSource,host=localhost,context=/MyServletProject,class=javax.sql.DataSource,name="jdbc/postgres-pool"
>>> [MONITOR MBEAN] Active connections [4] in: Catalina:type=DataSource,host=localhost,context=/MyServletProject,class=javax.sql.DataSource,name="jdbc/postgres-pool"
>>> [MONITOR MBEAN] Active connections [4] in: Catalina:type=DataSource,host=localhost,context=/MyServletProject,class=javax.sql.DataSource,name="jdbc/postgres-pool"
>>> [MONITOR MBEAN] Active connections [4] in: Catalina:type=DataSource,host=localhost,context=/MyServletProject,class=javax.sql.DataSource,name="jdbc/postgres-pool"
>>> [MONITOR MBEAN] Active connections [4] in: Catalina:type=DataSource,host=localhost,context=/MyServletProject,class=javax.sql.DataSource,name="jdbc/postgres-pool"
>>> [MONITOR MBEAN] Active connections [4] in: Catalina:type=DataSource,host=localhost,context=/MyServletProject,class=javax.sql.DataSource,name="jdbc/postgres-pool"
>>> [MONITOR MBEAN] Active connections [4] in: Catalina:type=DataSource,host=localhost,context=/MyServletProject,class=javax.sql.DataSource,name="jdbc/postgres-pool"
>>> [MONITOR MBEAN] Active connections [4] in: Catalina:type=DataSource,host=localhost,context=/MyServletProject,class=javax.sql.DataSource,name="jdbc/postgres-pool"
>>> [MONITOR MBEAN] Active connections [4] in: Catalina:type=DataSource,host=localhost,context=/MyServletProject,class=javax.sql.DataSource,name="jdbc/postgres-pool"
>>> [MONITOR MBEAN] Active connections [4] in: Catalina:type=DataSource,host=localhost,context=/MyServletProject,class=javax.sql.DataSource,name="jdbc/postgres-pool"
>>> [MONITOR MBEAN] Active connections [4] in: Catalina:type=DataSource,host=localhost,context=/MyServletProject,class=javax.sql.DataSource,name="jdbc/postgres-pool"
>>> [MONITOR MBEAN] Active connections [4] in: Catalina:type=DataSource,host=localhost,context=/MyServletProject,class=javax.sql.DataSource,name="jdbc/postgres-pool"
>>> [MONITOR MBEAN] Active connections [4] in: Catalina:type=DataSource,host=localhost,context=/MyServletProject,class=javax.sql.DataSource,name="jdbc/postgres-pool"
>>> [MONITOR MBEAN] Active connections [4] in: Catalina:type=DataSource,host=localhost,context=/MyServletProject,class=javax.sql.DataSource,name="jdbc/postgres-pool"
>>> [MONITOR MBEAN] Active connections [4] in: Catalina:type=DataSource,host=localhost,context=/MyServletProject,class=javax.sql.DataSource,name="jdbc/postgres-pool"
>>> [MONITOR MBEAN] Active connections [4] in: Catalina:type=DataSource,host=localhost,context=/MyServletProject,class=javax.sql.DataSource,name="jdbc/postgres-pool"
>>> [MONITOR MBEAN] Active connections [4] in: Catalina:type=DataSource,host=localhost,context=/MyServletProject,class=javax.sql.DataSource,name="jdbc/postgres-pool"
>>> [MONITOR MBEAN] Active connections [4] in: Catalina:type=DataSource,host=localhost,context=/MyServletProject,class=javax.sql.DataSource,name="jdbc/postgres-pool"

[HTTP RESPONSE DEBUG] Request ID: 1
Status Code: 200
Body: <html><head><title>User List</title></head><body>
<h1>Hi, Bro! This is servlet. I am running...</h1><br><br>
<ul>
<li>Name: Terayon</li>
<li>Name: InternetTelecom</li>
</ul>
<br><br><p>Current time: Fri Mar 13 11:33:50 MSK 2026</p>
</body></html>

----------------------

[HTTP RESPONSE DEBUG] Request ID: 3
Status Code: 200
Body: <html><head><title>User List</title></head><body>
<h1>Hi, Bro! This is servlet. I am running...</h1><br><br>
<ul>
<li>Name: Terayon</li>
<li>Name: InternetTelecom</li>
</ul>
<br><br><p>Current time: Fri Mar 13 11:33:50 MSK 2026</p>
</body></html>

----------------------

[HTTP RESPONSE DEBUG] Request ID: 4
Status Code: 200
Body: <html><head><title>User List</title></head><body>
<h1>Hi, Bro! This is servlet. I am running...</h1><br><br>
<ul>
<li>Name: Terayon</li>
<li>Name: InternetTelecom</li>
</ul>
<br><br><p>Current time: Fri Mar 13 11:33:50 MSK 2026</p>
</body></html>

----------------------

[HTTP RESPONSE DEBUG] Request ID: 2
Status Code: 200
Body: <html><head><title>User List</title></head><body>
<h1>Hi, Bro! This is servlet. I am running...</h1><br><br>
<ul>
<li>Name: Terayon</li>
<li>Name: InternetTelecom</li>
</ul>
<br><br><p>Current time: Fri Mar 13 11:33:50 MSK 2026</p>
</body></html>

----------------------
>>> [MONITOR MBEAN] Thread stopped.
MONITOR MBean: monitor MBean has been stopped.
MONITOR MBean: Peak of connections (numActive):4
Stop Tomcat...
TomCat: TomCat has been stopped.


Monitor DB: Finalisation start...
MONITOR DB final phase.
Monitor DB: Monitor DB is finished.


======= Detail report =======
Request #1 | Start on 0 sec | Duration 6 sec | StatusHttp: 200 | TimeoutError: 0 | MaxWait: 100000 | Sleep: 5000 
Request #2 | Start on 0 sec | Duration 6 sec | StatusHttp: 200 | TimeoutError: 0 | MaxWait: 100000 | Sleep: 5000 
Request #3 | Start on 0 sec | Duration 6 sec | StatusHttp: 200 | TimeoutError: 0 | MaxWait: 100000 | Sleep: 5000 
Request #4 | Start on 0 sec | Duration 6 sec | StatusHttp: 200 | TimeoutError: 0 | MaxWait: 100000 | Sleep: 5000 

======= ASSERT CHECKING FILTER #1: (ODINARY CHECK)=======
ASSERT 7.1: SUCCESS
ASSERT 7.2: SUCCESS
ASSERT 7.3.0: SUCCESS
ASSERT 7.3.1: SUCCESS
ASSERT 7.3.2: SUCCESS
ASSERT 7.3.3: SUCCESS
======= ASSERT CHECKING FILTER #1: END. =======================

======= ASSERT CHECKING FILTER #2: (TOMCAT MBEAN CHECK)=======
ASSERT 8.0: SUCCESS
ASSERT 8.1: SUCCESS
======= ASSERT CHECKING FILTER #2: END. =======================

======= ASSERT CHECKING FILTER #3: (PostgreSql DB CHECK)=======
 MUST BE ADDED HERE! PRINT RESULT OF FILTER #3 CHECKING.
======= ASSERT CHECKING FILTER #3: END. =======================

============ All steps have been completed. Wow! :-) ==================

]]></system-out>
  </testcase>
  <testcase name="testPostgresPool(TestConfig)[6]" classname="TestMaxActiveStrong" time="25.284">
    <system-out><![CDATA[
*******************************************************************************************************

  Run test #: 6
  Conditions: Stairway 10   All:10  MaxAct:2  OK:6 Fast:2 Delay:4 Error:4 MaxWait:  14000 Sleep:5000  .

*******************************************************************************************************

>>> Start of test... Run requests to servlet...
>>> [CLEANUP] Direstories work and temp were cleaned.
>>> [CONFIG] Read context.xml: D:\REPO_JAVA\FinalTest\tomcat\conf\context.xml
>>> [CONFIG] Parameters updated: maxTotal = 2, maxWaitMillis = 14000
>>> [CLEANUP] Force closing Tomcat windows...
>>> [CLEANUP] Done. Starting fresh Tomcat...
>>> [CONFIG] Current User Dir: D:\REPO_JAVA\FinalTest\StrongTestPool
>>> [CONFIG] Target Tomcat Bin: D:\REPO_JAVA\FinalTest\tomcat\bin
>>> TomCat started with JMX on port 9000
TomCat has been started successfully.

MONITOR MBean: Monitor MBean has been started.
Monitor DB: Initialisation start...

MONITOR DB Initialisaion phase.
Monitor DB: Initialisation is finished.

>>> Test run (Time start: 0s)
>>> [MONITOR MBEAN] Connected to JMX. Starting scan...
>>> [MONITOR MBEAN] Active connections [2] in: Catalina:type=DataSource,host=localhost,context=/MyServletProject,class=javax.sql.DataSource,name="jdbc/postgres-pool"
>>> [MONITOR MBEAN] Active connections [2] in: Catalina:type=DataSource,host=localhost,context=/MyServletProject,class=javax.sql.DataSource,name="jdbc/postgres-pool"
>>> [MONITOR MBEAN] Active connections [2] in: Catalina:type=DataSource,host=localhost,context=/MyServletProject,class=javax.sql.DataSource,name="jdbc/postgres-pool"
>>> [MONITOR MBEAN] Active connections [2] in: Catalina:type=DataSource,host=localhost,context=/MyServletProject,class=javax.sql.DataSource,name="jdbc/postgres-pool"
>>> [MONITOR MBEAN] Active connections [2] in: Catalina:type=DataSource,host=localhost,context=/MyServletProject,class=javax.sql.DataSource,name="jdbc/postgres-pool"
>>> [MONITOR MBEAN] Active connections [2] in: Catalina:type=DataSource,host=localhost,context=/MyServletProject,class=javax.sql.DataSource,name="jdbc/postgres-pool"
>>> [MONITOR MBEAN] Active connections [2] in: Catalina:type=DataSource,host=localhost,context=/MyServletProject,class=javax.sql.DataSource,name="jdbc/postgres-pool"
>>> [MONITOR MBEAN] Active connections [2] in: Catalina:type=DataSource,host=localhost,context=/MyServletProject,class=javax.sql.DataSource,name="jdbc/postgres-pool"
>>> [MONITOR MBEAN] Active connections [2] in: Catalina:type=DataSource,host=localhost,context=/MyServletProject,class=javax.sql.DataSource,name="jdbc/postgres-pool"
>>> [MONITOR MBEAN] Active connections [2] in: Catalina:type=DataSource,host=localhost,context=/MyServletProject,class=javax.sql.DataSource,name="jdbc/postgres-pool"
>>> [MONITOR MBEAN] Active connections [2] in: Catalina:type=DataSource,host=localhost,context=/MyServletProject,class=javax.sql.DataSource,name="jdbc/postgres-pool"
>>> [MONITOR MBEAN] Active connections [2] in: Catalina:type=DataSource,host=localhost,context=/MyServletProject,class=javax.sql.DataSource,name="jdbc/postgres-pool"
>>> [MONITOR MBEAN] Active connections [2] in: Catalina:type=DataSource,host=localhost,context=/MyServletProject,class=javax.sql.DataSource,name="jdbc/postgres-pool"
>>> [MONITOR MBEAN] Active connections [2] in: Catalina:type=DataSource,host=localhost,context=/MyServletProject,class=javax.sql.DataSource,name="jdbc/postgres-pool"
>>> [MONITOR MBEAN] Active connections [2] in: Catalina:type=DataSource,host=localhost,context=/MyServletProject,class=javax.sql.DataSource,name="jdbc/postgres-pool"
>>> [MONITOR MBEAN] Active connections [2] in: Catalina:type=DataSource,host=localhost,context=/MyServletProject,class=javax.sql.DataSource,name="jdbc/postgres-pool"
>>> [MONITOR MBEAN] Active connections [2] in: Catalina:type=DataSource,host=localhost,context=/MyServletProject,class=javax.sql.DataSource,name="jdbc/postgres-pool"
>>> [MONITOR MBEAN] Active connections [2] in: Catalina:type=DataSource,host=localhost,context=/MyServletProject,class=javax.sql.DataSource,name="jdbc/postgres-pool"
>>> [MONITOR MBEAN] Active connections [2] in: Catalina:type=DataSource,host=localhost,context=/MyServletProject,class=javax.sql.DataSource,name="jdbc/postgres-pool"
>>> [MONITOR MBEAN] Active connections [2] in: Catalina:type=DataSource,host=localhost,context=/MyServletProject,class=javax.sql.DataSource,name="jdbc/postgres-pool"
>>> [MONITOR MBEAN] Active connections [2] in: Catalina:type=DataSource,host=localhost,context=/MyServletProject,class=javax.sql.DataSource,name="jdbc/postgres-pool"
>>> [MONITOR MBEAN] Active connections [2] in: Catalina:type=DataSource,host=localhost,context=/MyServletProject,class=javax.sql.DataSource,name="jdbc/postgres-pool"
>>> [MONITOR MBEAN] Active connections [2] in: Catalina:type=DataSource,host=localhost,context=/MyServletProject,class=javax.sql.DataSource,name="jdbc/postgres-pool"

[HTTP RESPONSE DEBUG] Request ID: 9
Status Code: 200
Body: <html><head><title>User List</title></head><body>
<h1>Hi, Bro! This is servlet. I am running...</h1><br><br>
<ul>
<li>Name: Terayon</li>
<li>Name: InternetTelecom</li>
</ul>
<br><br><p>Current time: Fri Mar 13 11:34:05 MSK 2026</p>
</body></html>

----------------------

[HTTP RESPONSE DEBUG] Request ID: 7
Status Code: 200
Body: <html><head><title>User List</title></head><body>
<h1>Hi, Bro! This is servlet. I am running...</h1><br><br>
<ul>
<li>Name: Terayon</li>
<li>Name: InternetTelecom</li>
</ul>
<br><br><p>Current time: Fri Mar 13 11:34:05 MSK 2026</p>
</body></html>

----------------------
>>> [MONITOR MBEAN] Active connections [2] in: Catalina:type=DataSource,host=localhost,context=/MyServletProject,class=javax.sql.DataSource,name="jdbc/postgres-pool"
>>> [MONITOR MBEAN] Active connections [2] in: Catalina:type=DataSource,host=localhost,context=/MyServletProject,class=javax.sql.DataSource,name="jdbc/postgres-pool"
>>> [MONITOR MBEAN] Active connections [2] in: Catalina:type=DataSource,host=localhost,context=/MyServletProject,class=javax.sql.DataSource,name="jdbc/postgres-pool"
>>> [MONITOR MBEAN] Active connections [2] in: Catalina:type=DataSource,host=localhost,context=/MyServletProject,class=javax.sql.DataSource,name="jdbc/postgres-pool"
>>> [MONITOR MBEAN] Active connections [2] in: Catalina:type=DataSource,host=localhost,context=/MyServletProject,class=javax.sql.DataSource,name="jdbc/postgres-pool"
>>> [MONITOR MBEAN] Active connections [2] in: Catalina:type=DataSource,host=localhost,context=/MyServletProject,class=javax.sql.DataSource,name="jdbc/postgres-pool"
>>> [MONITOR MBEAN] Active connections [2] in: Catalina:type=DataSource,host=localhost,context=/MyServletProject,class=javax.sql.DataSource,name="jdbc/postgres-pool"
>>> [MONITOR MBEAN] Active connections [2] in: Catalina:type=DataSource,host=localhost,context=/MyServletProject,class=javax.sql.DataSource,name="jdbc/postgres-pool"
>>> [MONITOR MBEAN] Active connections [2] in: Catalina:type=DataSource,host=localhost,context=/MyServletProject,class=javax.sql.DataSource,name="jdbc/postgres-pool"
>>> [MONITOR MBEAN] Active connections [2] in: Catalina:type=DataSource,host=localhost,context=/MyServletProject,class=javax.sql.DataSource,name="jdbc/postgres-pool"
>>> [MONITOR MBEAN] Active connections [2] in: Catalina:type=DataSource,host=localhost,context=/MyServletProject,class=javax.sql.DataSource,name="jdbc/postgres-pool"
>>> [MONITOR MBEAN] Active connections [2] in: Catalina:type=DataSource,host=localhost,context=/MyServletProject,class=javax.sql.DataSource,name="jdbc/postgres-pool"
>>> [MONITOR MBEAN] Active connections [2] in: Catalina:type=DataSource,host=localhost,context=/MyServletProject,class=javax.sql.DataSource,name="jdbc/postgres-pool"
>>> [MONITOR MBEAN] Active connections [2] in: Catalina:type=DataSource,host=localhost,context=/MyServletProject,class=javax.sql.DataSource,name="jdbc/postgres-pool"
>>> [MONITOR MBEAN] Active connections [2] in: Catalina:type=DataSource,host=localhost,context=/MyServletProject,class=javax.sql.DataSource,name="jdbc/postgres-pool"
>>> [MONITOR MBEAN] Active connections [2] in: Catalina:type=DataSource,host=localhost,context=/MyServletProject,class=javax.sql.DataSource,name="jdbc/postgres-pool"
>>> [MONITOR MBEAN] Active connections [2] in: Catalina:type=DataSource,host=localhost,context=/MyServletProject,class=javax.sql.DataSource,name="jdbc/postgres-pool"
>>> [MONITOR MBEAN] Active connections [2] in: Catalina:type=DataSource,host=localhost,context=/MyServletProject,class=javax.sql.DataSource,name="jdbc/postgres-pool"
>>> [MONITOR MBEAN] Active connections [2] in: Catalina:type=DataSource,host=localhost,context=/MyServletProject,class=javax.sql.DataSource,name="jdbc/postgres-pool"
>>> [MONITOR MBEAN] Active connections [2] in: Catalina:type=DataSource,host=localhost,context=/MyServletProject,class=javax.sql.DataSource,name="jdbc/postgres-pool"
>>> [MONITOR MBEAN] Active connections [2] in: Catalina:type=DataSource,host=localhost,context=/MyServletProject,class=javax.sql.DataSource,name="jdbc/postgres-pool"
>>> [MONITOR MBEAN] Active connections [2] in: Catalina:type=DataSource,host=localhost,context=/MyServletProject,class=javax.sql.DataSource,name="jdbc/postgres-pool"
>>> [MONITOR MBEAN] Active connections [2] in: Catalina:type=DataSource,host=localhost,context=/MyServletProject,class=javax.sql.DataSource,name="jdbc/postgres-pool"

[HTTP RESPONSE DEBUG] Request ID: 3
Status Code: 200
Body: <html><head><title>User List</title></head><body>
<h1>Hi, Bro! This is servlet. I am running...</h1><br><br>
<ul>
<li>Name: Terayon</li>
<li>Name: InternetTelecom</li>
</ul>
<br><br><p>Current time: Fri Mar 13 11:34:10 MSK 2026</p>
</body></html>

----------------------

[HTTP RESPONSE DEBUG] Request ID: 2
Status Code: 200
Body: <html><head><title>User List</title></head><body>
<h1>Hi, Bro! This is servlet. I am running...</h1><br><br>
<ul>
<li>Name: Terayon</li>
<li>Name: InternetTelecom</li>
</ul>
<br><br><p>Current time: Fri Mar 13 11:34:10 MSK 2026</p>
</body></html>

----------------------
>>> [MONITOR MBEAN] Active connections [2] in: Catalina:type=DataSource,host=localhost,context=/MyServletProject,class=javax.sql.DataSource,name="jdbc/postgres-pool"
>>> [MONITOR MBEAN] Active connections [2] in: Catalina:type=DataSource,host=localhost,context=/MyServletProject,class=javax.sql.DataSource,name="jdbc/postgres-pool"
>>> [MONITOR MBEAN] Active connections [2] in: Catalina:type=DataSource,host=localhost,context=/MyServletProject,class=javax.sql.DataSource,name="jdbc/postgres-pool"
>>> [MONITOR MBEAN] Active connections [2] in: Catalina:type=DataSource,host=localhost,context=/MyServletProject,class=javax.sql.DataSource,name="jdbc/postgres-pool"
>>> [MONITOR MBEAN] Active connections [2] in: Catalina:type=DataSource,host=localhost,context=/MyServletProject,class=javax.sql.DataSource,name="jdbc/postgres-pool"
>>> [MONITOR MBEAN] Active connections [2] in: Catalina:type=DataSource,host=localhost,context=/MyServletProject,class=javax.sql.DataSource,name="jdbc/postgres-pool"
>>> [MONITOR MBEAN] Active connections [2] in: Catalina:type=DataSource,host=localhost,context=/MyServletProject,class=javax.sql.DataSource,name="jdbc/postgres-pool"
>>> [MONITOR MBEAN] Active connections [2] in: Catalina:type=DataSource,host=localhost,context=/MyServletProject,class=javax.sql.DataSource,name="jdbc/postgres-pool"
>>> [MONITOR MBEAN] Active connections [2] in: Catalina:type=DataSource,host=localhost,context=/MyServletProject,class=javax.sql.DataSource,name="jdbc/postgres-pool"
>>> [MONITOR MBEAN] Active connections [2] in: Catalina:type=DataSource,host=localhost,context=/MyServletProject,class=javax.sql.DataSource,name="jdbc/postgres-pool"
>>> [MONITOR MBEAN] Active connections [2] in: Catalina:type=DataSource,host=localhost,context=/MyServletProject,class=javax.sql.DataSource,name="jdbc/postgres-pool"
>>> [MONITOR MBEAN] Active connections [2] in: Catalina:type=DataSource,host=localhost,context=/MyServletProject,class=javax.sql.DataSource,name="jdbc/postgres-pool"
>>> [MONITOR MBEAN] Active connections [2] in: Catalina:type=DataSource,host=localhost,context=/MyServletProject,class=javax.sql.DataSource,name="jdbc/postgres-pool"
>>> [MONITOR MBEAN] Active connections [2] in: Catalina:type=DataSource,host=localhost,context=/MyServletProject,class=javax.sql.DataSource,name="jdbc/postgres-pool"
>>> [MONITOR MBEAN] Active connections [2] in: Catalina:type=DataSource,host=localhost,context=/MyServletProject,class=javax.sql.DataSource,name="jdbc/postgres-pool"
>>> [MONITOR MBEAN] Active connections [2] in: Catalina:type=DataSource,host=localhost,context=/MyServletProject,class=javax.sql.DataSource,name="jdbc/postgres-pool"
>>> [MONITOR MBEAN] Active connections [2] in: Catalina:type=DataSource,host=localhost,context=/MyServletProject,class=javax.sql.DataSource,name="jdbc/postgres-pool"
>>> [MONITOR MBEAN] Active connections [2] in: Catalina:type=DataSource,host=localhost,context=/MyServletProject,class=javax.sql.DataSource,name="jdbc/postgres-pool"
>>> [MONITOR MBEAN] Active connections [2] in: Catalina:type=DataSource,host=localhost,context=/MyServletProject,class=javax.sql.DataSource,name="jdbc/postgres-pool"

[HTTP RESPONSE DEBUG] Request ID: 1
Status Code: 200
Body: <html><head><title>User List</title></head><body>
<h1>Hi, Bro! This is servlet. I am running...</h1><br><br>
<p style='color:red;'>SQL query execution error.. Try again later.</p>
<br><br><p>Current time: Fri Mar 13 11:34:14 MSK 2026</p>
</body></html>

----------------------

[HTTP RESPONSE DEBUG] Request ID: 8
Status Code: 200
Body: <html><head><title>User List</title></head><body>
<h1>Hi, Bro! This is servlet. I am running...</h1><br><br>
<p style='color:red;'>SQL query execution error.. Try again later.</p>
<br><br><p>Current time: Fri Mar 13 11:34:14 MSK 2026</p>
</body></html>

----------------------

[HTTP RESPONSE DEBUG] Request ID: 10
Status Code: 200
Body: <html><head><title>User List</title></head><body>
<h1>Hi, Bro! This is servlet. I am running...</h1><br><br>
<p style='color:red;'>SQL query execution error.. Try again later.</p>
<br><br><p>Current time: Fri Mar 13 11:34:14 MSK 2026</p>
</body></html>

----------------------

[HTTP RESPONSE DEBUG] Request ID: 6
Status Code: 200
Body: <html><head><title>User List</title></head><body>
<h1>Hi, Bro! This is servlet. I am running...</h1><br><br>
<p style='color:red;'>SQL query execution error.. Try again later.</p>
<br><br><p>Current time: Fri Mar 13 11:34:14 MSK 2026</p>
</body></html>

----------------------
>>> [MONITOR MBEAN] Active connections [2] in: Catalina:type=DataSource,host=localhost,context=/MyServletProject,class=javax.sql.DataSource,name="jdbc/postgres-pool"
>>> [MONITOR MBEAN] Active connections [2] in: Catalina:type=DataSource,host=localhost,context=/MyServletProject,class=javax.sql.DataSource,name="jdbc/postgres-pool"
>>> [MONITOR MBEAN] Active connections [2] in: Catalina:type=DataSource,host=localhost,context=/MyServletProject,class=javax.sql.DataSource,name="jdbc/postgres-pool"
>>> [MONITOR MBEAN] Active connections [2] in: Catalina:type=DataSource,host=localhost,context=/MyServletProject,class=javax.sql.DataSource,name="jdbc/postgres-pool"
>>> [MONITOR MBEAN] Active connections [2] in: Catalina:type=DataSource,host=localhost,context=/MyServletProject,class=javax.sql.DataSource,name="jdbc/postgres-pool"

[HTTP RESPONSE DEBUG] Request ID: 5
Status Code: 200
Body: <html><head><title>User List</title></head><body>
<h1>Hi, Bro! This is servlet. I am running...</h1><br><br>
<ul>
<li>Name: Terayon</li>
<li>Name: InternetTelecom</li>
</ul>
<br><br><p>Current time: Fri Mar 13 11:34:15 MSK 2026</p>
</body></html>

----------------------

[HTTP RESPONSE DEBUG] Request ID: 4
Status Code: 200
Body: <html><head><title>User List</title></head><body>
<h1>Hi, Bro! This is servlet. I am running...</h1><br><br>
<ul>
<li>Name: Terayon</li>
<li>Name: InternetTelecom</li>
</ul>
<br><br><p>Current time: Fri Mar 13 11:34:15 MSK 2026</p>
</body></html>

----------------------
>>> [MONITOR MBEAN] Thread stopped.
MONITOR MBean: monitor MBean has been stopped.
MONITOR MBean: Peak of connections (numActive):2
Stop Tomcat...
TomCat: TomCat has been stopped.


Monitor DB: Finalisation start...
MONITOR DB final phase.
Monitor DB: Monitor DB is finished.


======= Detail report =======
Request #1 | Start on 0 sec | Duration 15 sec | StatusHttp: 200 | TimeoutError: 1 | MaxWait: 14000 | Sleep: 5000 
Request #2 | Start on 0 sec | Duration 11 sec | StatusHttp: 200 | TimeoutError: 0 | MaxWait: 14000 | Sleep: 5000 
Request #3 | Start on 0 sec | Duration 11 sec | StatusHttp: 200 | TimeoutError: 0 | MaxWait: 14000 | Sleep: 5000 
Request #4 | Start on 0 sec | Duration 16 sec | StatusHttp: 200 | TimeoutError: 0 | MaxWait: 14000 | Sleep: 5000 
Request #5 | Start on 0 sec | Duration 16 sec | StatusHttp: 200 | TimeoutError: 0 | MaxWait: 14000 | Sleep: 5000 
Request #6 | Start on 0 sec | Duration 15 sec | StatusHttp: 200 | TimeoutError: 1 | MaxWait: 14000 | Sleep: 5000 
Request #7 | Start on 0 sec | Duration 6 sec | StatusHttp: 200 | TimeoutError: 0 | MaxWait: 14000 | Sleep: 5000 
Request #8 | Start on 0 sec | Duration 15 sec | StatusHttp: 200 | TimeoutError: 1 | MaxWait: 14000 | Sleep: 5000 
Request #9 | Start on 0 sec | Duration 6 sec | StatusHttp: 200 | TimeoutError: 0 | MaxWait: 14000 | Sleep: 5000 
Request #10 | Start on 0 sec | Duration 15 sec | StatusHttp: 200 | TimeoutError: 1 | MaxWait: 14000 | Sleep: 5000 

======= ASSERT CHECKING FILTER #1: (ODINARY CHECK)=======
ASSERT 7.1: SUCCESS
ASSERT 7.2: SUCCESS
ASSERT 7.3.0: SUCCESS
ASSERT 7.3.1: SUCCESS
ASSERT 7.3.2: SUCCESS
ASSERT 7.3.3: SUCCESS
ASSERT 7.3.4: SUCCESS
ASSERT 7.3.5: SUCCESS
======= ASSERT CHECKING FILTER #1: END. =======================

======= ASSERT CHECKING FILTER #2: (TOMCAT MBEAN CHECK)=======
ASSERT 8.0: SUCCESS
ASSERT 8.1: SUCCESS
======= ASSERT CHECKING FILTER #2: END. =======================

======= ASSERT CHECKING FILTER #3: (PostgreSql DB CHECK)=======
 MUST BE ADDED HERE! PRINT RESULT OF FILTER #3 CHECKING.
======= ASSERT CHECKING FILTER #3: END. =======================

============ All steps have been completed. Wow! :-) ==================

]]></system-out>
  </testcase>
  <testcase name="testPostgresPool(TestConfig)[7]" classname="TestMaxActiveStrong" time="25.208">
    <system-out><![CDATA[
*******************************************************************************************************

  Run test #: 7
  Conditions: Border 10     All:10  MaxAct:2  OK:6 Fast:2 Delay:4 Error:4 MaxWait:  15000 Sleep:5000  .

*******************************************************************************************************

>>> Start of test... Run requests to servlet...
>>> [CLEANUP] Direstories work and temp were cleaned.
>>> [CONFIG] Read context.xml: D:\REPO_JAVA\FinalTest\tomcat\conf\context.xml
>>> [CONFIG] Parameters updated: maxTotal = 2, maxWaitMillis = 15000
>>> [CLEANUP] Force closing Tomcat windows...
>>> [CLEANUP] Done. Starting fresh Tomcat...
>>> [CONFIG] Current User Dir: D:\REPO_JAVA\FinalTest\StrongTestPool
>>> [CONFIG] Target Tomcat Bin: D:\REPO_JAVA\FinalTest\tomcat\bin
>>> TomCat started with JMX on port 9000
TomCat has been started successfully.

MONITOR MBean: Monitor MBean has been started.
Monitor DB: Initialisation start...

MONITOR DB Initialisaion phase.
Monitor DB: Initialisation is finished.

>>> Test run (Time start: 0s)
>>> [MONITOR MBEAN] Connected to JMX. Starting scan...
>>> [MONITOR MBEAN] Active connections [2] in: Catalina:type=DataSource,host=localhost,context=/MyServletProject,class=javax.sql.DataSource,name="jdbc/postgres-pool"
>>> [MONITOR MBEAN] Active connections [2] in: Catalina:type=DataSource,host=localhost,context=/MyServletProject,class=javax.sql.DataSource,name="jdbc/postgres-pool"
>>> [MONITOR MBEAN] Active connections [2] in: Catalina:type=DataSource,host=localhost,context=/MyServletProject,class=javax.sql.DataSource,name="jdbc/postgres-pool"
>>> [MONITOR MBEAN] Active connections [2] in: Catalina:type=DataSource,host=localhost,context=/MyServletProject,class=javax.sql.DataSource,name="jdbc/postgres-pool"
>>> [MONITOR MBEAN] Active connections [2] in: Catalina:type=DataSource,host=localhost,context=/MyServletProject,class=javax.sql.DataSource,name="jdbc/postgres-pool"
>>> [MONITOR MBEAN] Active connections [2] in: Catalina:type=DataSource,host=localhost,context=/MyServletProject,class=javax.sql.DataSource,name="jdbc/postgres-pool"
>>> [MONITOR MBEAN] Active connections [2] in: Catalina:type=DataSource,host=localhost,context=/MyServletProject,class=javax.sql.DataSource,name="jdbc/postgres-pool"
>>> [MONITOR MBEAN] Active connections [2] in: Catalina:type=DataSource,host=localhost,context=/MyServletProject,class=javax.sql.DataSource,name="jdbc/postgres-pool"
>>> [MONITOR MBEAN] Active connections [2] in: Catalina:type=DataSource,host=localhost,context=/MyServletProject,class=javax.sql.DataSource,name="jdbc/postgres-pool"
>>> [MONITOR MBEAN] Active connections [2] in: Catalina:type=DataSource,host=localhost,context=/MyServletProject,class=javax.sql.DataSource,name="jdbc/postgres-pool"
>>> [MONITOR MBEAN] Active connections [2] in: Catalina:type=DataSource,host=localhost,context=/MyServletProject,class=javax.sql.DataSource,name="jdbc/postgres-pool"
>>> [MONITOR MBEAN] Active connections [2] in: Catalina:type=DataSource,host=localhost,context=/MyServletProject,class=javax.sql.DataSource,name="jdbc/postgres-pool"
>>> [MONITOR MBEAN] Active connections [2] in: Catalina:type=DataSource,host=localhost,context=/MyServletProject,class=javax.sql.DataSource,name="jdbc/postgres-pool"
>>> [MONITOR MBEAN] Active connections [2] in: Catalina:type=DataSource,host=localhost,context=/MyServletProject,class=javax.sql.DataSource,name="jdbc/postgres-pool"
>>> [MONITOR MBEAN] Active connections [2] in: Catalina:type=DataSource,host=localhost,context=/MyServletProject,class=javax.sql.DataSource,name="jdbc/postgres-pool"
>>> [MONITOR MBEAN] Active connections [2] in: Catalina:type=DataSource,host=localhost,context=/MyServletProject,class=javax.sql.DataSource,name="jdbc/postgres-pool"
>>> [MONITOR MBEAN] Active connections [2] in: Catalina:type=DataSource,host=localhost,context=/MyServletProject,class=javax.sql.DataSource,name="jdbc/postgres-pool"
>>> [MONITOR MBEAN] Active connections [2] in: Catalina:type=DataSource,host=localhost,context=/MyServletProject,class=javax.sql.DataSource,name="jdbc/postgres-pool"
>>> [MONITOR MBEAN] Active connections [2] in: Catalina:type=DataSource,host=localhost,context=/MyServletProject,class=javax.sql.DataSource,name="jdbc/postgres-pool"
>>> [MONITOR MBEAN] Active connections [2] in: Catalina:type=DataSource,host=localhost,context=/MyServletProject,class=javax.sql.DataSource,name="jdbc/postgres-pool"
>>> [MONITOR MBEAN] Active connections [2] in: Catalina:type=DataSource,host=localhost,context=/MyServletProject,class=javax.sql.DataSource,name="jdbc/postgres-pool"
>>> [MONITOR MBEAN] Active connections [2] in: Catalina:type=DataSource,host=localhost,context=/MyServletProject,class=javax.sql.DataSource,name="jdbc/postgres-pool"
>>> [MONITOR MBEAN] Active connections [2] in: Catalina:type=DataSource,host=localhost,context=/MyServletProject,class=javax.sql.DataSource,name="jdbc/postgres-pool"
>>> [MONITOR MBEAN] Active connections [2] in: Catalina:type=DataSource,host=localhost,context=/MyServletProject,class=javax.sql.DataSource,name="jdbc/postgres-pool"

[HTTP RESPONSE DEBUG] Request ID: 7
Status Code: 200
Body: <html><head><title>User List</title></head><body>
<h1>Hi, Bro! This is servlet. I am running...</h1><br><br>
<ul>
<li>Name: Terayon</li>
<li>Name: InternetTelecom</li>
</ul>
<br><br><p>Current time: Fri Mar 13 11:34:30 MSK 2026</p>
</body></html>

----------------------

[HTTP RESPONSE DEBUG] Request ID: 10
Status Code: 200
Body: <html><head><title>User List</title></head><body>
<h1>Hi, Bro! This is servlet. I am running...</h1><br><br>
<ul>
<li>Name: Terayon</li>
<li>Name: InternetTelecom</li>
</ul>
<br><br><p>Current time: Fri Mar 13 11:34:30 MSK 2026</p>
</body></html>

----------------------
>>> [MONITOR MBEAN] Active connections [2] in: Catalina:type=DataSource,host=localhost,context=/MyServletProject,class=javax.sql.DataSource,name="jdbc/postgres-pool"
>>> [MONITOR MBEAN] Active connections [2] in: Catalina:type=DataSource,host=localhost,context=/MyServletProject,class=javax.sql.DataSource,name="jdbc/postgres-pool"
>>> [MONITOR MBEAN] Active connections [2] in: Catalina:type=DataSource,host=localhost,context=/MyServletProject,class=javax.sql.DataSource,name="jdbc/postgres-pool"
>>> [MONITOR MBEAN] Active connections [2] in: Catalina:type=DataSource,host=localhost,context=/MyServletProject,class=javax.sql.DataSource,name="jdbc/postgres-pool"
>>> [MONITOR MBEAN] Active connections [2] in: Catalina:type=DataSource,host=localhost,context=/MyServletProject,class=javax.sql.DataSource,name="jdbc/postgres-pool"
>>> [MONITOR MBEAN] Active connections [2] in: Catalina:type=DataSource,host=localhost,context=/MyServletProject,class=javax.sql.DataSource,name="jdbc/postgres-pool"
>>> [MONITOR MBEAN] Active connections [2] in: Catalina:type=DataSource,host=localhost,context=/MyServletProject,class=javax.sql.DataSource,name="jdbc/postgres-pool"
>>> [MONITOR MBEAN] Active connections [2] in: Catalina:type=DataSource,host=localhost,context=/MyServletProject,class=javax.sql.DataSource,name="jdbc/postgres-pool"
>>> [MONITOR MBEAN] Active connections [2] in: Catalina:type=DataSource,host=localhost,context=/MyServletProject,class=javax.sql.DataSource,name="jdbc/postgres-pool"
>>> [MONITOR MBEAN] Active connections [2] in: Catalina:type=DataSource,host=localhost,context=/MyServletProject,class=javax.sql.DataSource,name="jdbc/postgres-pool"
>>> [MONITOR MBEAN] Active connections [2] in: Catalina:type=DataSource,host=localhost,context=/MyServletProject,class=javax.sql.DataSource,name="jdbc/postgres-pool"
>>> [MONITOR MBEAN] Active connections [2] in: Catalina:type=DataSource,host=localhost,context=/MyServletProject,class=javax.sql.DataSource,name="jdbc/postgres-pool"
>>> [MONITOR MBEAN] Active connections [2] in: Catalina:type=DataSource,host=localhost,context=/MyServletProject,class=javax.sql.DataSource,name="jdbc/postgres-pool"
>>> [MONITOR MBEAN] Active connections [2] in: Catalina:type=DataSource,host=localhost,context=/MyServletProject,class=javax.sql.DataSource,name="jdbc/postgres-pool"
>>> [MONITOR MBEAN] Active connections [2] in: Catalina:type=DataSource,host=localhost,context=/MyServletProject,class=javax.sql.DataSource,name="jdbc/postgres-pool"
>>> [MONITOR MBEAN] Active connections [2] in: Catalina:type=DataSource,host=localhost,context=/MyServletProject,class=javax.sql.DataSource,name="jdbc/postgres-pool"
>>> [MONITOR MBEAN] Active connections [2] in: Catalina:type=DataSource,host=localhost,context=/MyServletProject,class=javax.sql.DataSource,name="jdbc/postgres-pool"
>>> [MONITOR MBEAN] Active connections [2] in: Catalina:type=DataSource,host=localhost,context=/MyServletProject,class=javax.sql.DataSource,name="jdbc/postgres-pool"
>>> [MONITOR MBEAN] Active connections [2] in: Catalina:type=DataSource,host=localhost,context=/MyServletProject,class=javax.sql.DataSource,name="jdbc/postgres-pool"
>>> [MONITOR MBEAN] Active connections [2] in: Catalina:type=DataSource,host=localhost,context=/MyServletProject,class=javax.sql.DataSource,name="jdbc/postgres-pool"
>>> [MONITOR MBEAN] Active connections [2] in: Catalina:type=DataSource,host=localhost,context=/MyServletProject,class=javax.sql.DataSource,name="jdbc/postgres-pool"
>>> [MONITOR MBEAN] Active connections [2] in: Catalina:type=DataSource,host=localhost,context=/MyServletProject,class=javax.sql.DataSource,name="jdbc/postgres-pool"
>>> [MONITOR MBEAN] Active connections [2] in: Catalina:type=DataSource,host=localhost,context=/MyServletProject,class=javax.sql.DataSource,name="jdbc/postgres-pool"

[HTTP RESPONSE DEBUG] Request ID: 4
Status Code: 200
Body: <html><head><title>User List</title></head><body>
<h1>Hi, Bro! This is servlet. I am running...</h1><br><br>
<ul>
<li>Name: Terayon</li>
<li>Name: InternetTelecom</li>
</ul>
<br><br><p>Current time: Fri Mar 13 11:34:35 MSK 2026</p>
</body></html>

----------------------

[HTTP RESPONSE DEBUG] Request ID: 8
Status Code: 200
Body: <html><head><title>User List</title></head><body>
<h1>Hi, Bro! This is servlet. I am running...</h1><br><br>
<ul>
<li>Name: Terayon</li>
<li>Name: InternetTelecom</li>
</ul>
<br><br><p>Current time: Fri Mar 13 11:34:35 MSK 2026</p>
</body></html>

----------------------
>>> [MONITOR MBEAN] Active connections [2] in: Catalina:type=DataSource,host=localhost,context=/MyServletProject,class=javax.sql.DataSource,name="jdbc/postgres-pool"
>>> [MONITOR MBEAN] Active connections [2] in: Catalina:type=DataSource,host=localhost,context=/MyServletProject,class=javax.sql.DataSource,name="jdbc/postgres-pool"
>>> [MONITOR MBEAN] Active connections [2] in: Catalina:type=DataSource,host=localhost,context=/MyServletProject,class=javax.sql.DataSource,name="jdbc/postgres-pool"
>>> [MONITOR MBEAN] Active connections [2] in: Catalina:type=DataSource,host=localhost,context=/MyServletProject,class=javax.sql.DataSource,name="jdbc/postgres-pool"
>>> [MONITOR MBEAN] Active connections [2] in: Catalina:type=DataSource,host=localhost,context=/MyServletProject,class=javax.sql.DataSource,name="jdbc/postgres-pool"
>>> [MONITOR MBEAN] Active connections [2] in: Catalina:type=DataSource,host=localhost,context=/MyServletProject,class=javax.sql.DataSource,name="jdbc/postgres-pool"
>>> [MONITOR MBEAN] Active connections [2] in: Catalina:type=DataSource,host=localhost,context=/MyServletProject,class=javax.sql.DataSource,name="jdbc/postgres-pool"
>>> [MONITOR MBEAN] Active connections [2] in: Catalina:type=DataSource,host=localhost,context=/MyServletProject,class=javax.sql.DataSource,name="jdbc/postgres-pool"
>>> [MONITOR MBEAN] Active connections [2] in: Catalina:type=DataSource,host=localhost,context=/MyServletProject,class=javax.sql.DataSource,name="jdbc/postgres-pool"
>>> [MONITOR MBEAN] Active connections [2] in: Catalina:type=DataSource,host=localhost,context=/MyServletProject,class=javax.sql.DataSource,name="jdbc/postgres-pool"
>>> [MONITOR MBEAN] Active connections [2] in: Catalina:type=DataSource,host=localhost,context=/MyServletProject,class=javax.sql.DataSource,name="jdbc/postgres-pool"
>>> [MONITOR MBEAN] Active connections [2] in: Catalina:type=DataSource,host=localhost,context=/MyServletProject,class=javax.sql.DataSource,name="jdbc/postgres-pool"
>>> [MONITOR MBEAN] Active connections [2] in: Catalina:type=DataSource,host=localhost,context=/MyServletProject,class=javax.sql.DataSource,name="jdbc/postgres-pool"
>>> [MONITOR MBEAN] Active connections [2] in: Catalina:type=DataSource,host=localhost,context=/MyServletProject,class=javax.sql.DataSource,name="jdbc/postgres-pool"
>>> [MONITOR MBEAN] Active connections [2] in: Catalina:type=DataSource,host=localhost,context=/MyServletProject,class=javax.sql.DataSource,name="jdbc/postgres-pool"
>>> [MONITOR MBEAN] Active connections [2] in: Catalina:type=DataSource,host=localhost,context=/MyServletProject,class=javax.sql.DataSource,name="jdbc/postgres-pool"
>>> [MONITOR MBEAN] Active connections [2] in: Catalina:type=DataSource,host=localhost,context=/MyServletProject,class=javax.sql.DataSource,name="jdbc/postgres-pool"
>>> [MONITOR MBEAN] Active connections [2] in: Catalina:type=DataSource,host=localhost,context=/MyServletProject,class=javax.sql.DataSource,name="jdbc/postgres-pool"
>>> [MONITOR MBEAN] Active connections [2] in: Catalina:type=DataSource,host=localhost,context=/MyServletProject,class=javax.sql.DataSource,name="jdbc/postgres-pool"
>>> [MONITOR MBEAN] Active connections [2] in: Catalina:type=DataSource,host=localhost,context=/MyServletProject,class=javax.sql.DataSource,name="jdbc/postgres-pool"
>>> [MONITOR MBEAN] Active connections [2] in: Catalina:type=DataSource,host=localhost,context=/MyServletProject,class=javax.sql.DataSource,name="jdbc/postgres-pool"
>>> [MONITOR MBEAN] Active connections [2] in: Catalina:type=DataSource,host=localhost,context=/MyServletProject,class=javax.sql.DataSource,name="jdbc/postgres-pool"
>>> [MONITOR MBEAN] Active connections [2] in: Catalina:type=DataSource,host=localhost,context=/MyServletProject,class=javax.sql.DataSource,name="jdbc/postgres-pool"

[HTTP RESPONSE DEBUG] Request ID: 2
Status Code: 200
Body: <html><head><title>User List</title></head><body>
<h1>Hi, Bro! This is servlet. I am running...</h1><br><br>
<p style='color:red;'>SQL query execution error.. Try again later.</p>
<br><br><p>Current time: Fri Mar 13 11:34:40 MSK 2026</p>
</body></html>

----------------------

[HTTP RESPONSE DEBUG] Request ID: 5
Status Code: 200
Body: <html><head><title>User List</title></head><body>
<h1>Hi, Bro! This is servlet. I am running...</h1><br><br>
<p style='color:red;'>SQL query execution error.. Try again later.</p>
<br><br><p>Current time: Fri Mar 13 11:34:40 MSK 2026</p>
</body></html>

----------------------

[HTTP RESPONSE DEBUG] Request ID: 6
Status Code: 200
Body: <html><head><title>User List</title></head><body>
<h1>Hi, Bro! This is servlet. I am running...</h1><br><br>
<p style='color:red;'>SQL query execution error.. Try again later.</p>
<br><br><p>Current time: Fri Mar 13 11:34:40 MSK 2026</p>
</body></html>

----------------------

[HTTP RESPONSE DEBUG] Request ID: 1
Status Code: 200
Body: <html><head><title>User List</title></head><body>
<h1>Hi, Bro! This is servlet. I am running...</h1><br><br>
<p style='color:red;'>SQL query execution error.. Try again later.</p>
<br><br><p>Current time: Fri Mar 13 11:34:40 MSK 2026</p>
</body></html>

----------------------
>>> [MONITOR MBEAN] Active connections [2] in: Catalina:type=DataSource,host=localhost,context=/MyServletProject,class=javax.sql.DataSource,name="jdbc/postgres-pool"

[HTTP RESPONSE DEBUG] Request ID: 3
Status Code: 200
Body: <html><head><title>User List</title></head><body>
<h1>Hi, Bro! This is servlet. I am running...</h1><br><br>
<ul>
<li>Name: Terayon</li>
<li>Name: InternetTelecom</li>
</ul>
<br><br><p>Current time: Fri Mar 13 11:34:40 MSK 2026</p>
</body></html>

----------------------

[HTTP RESPONSE DEBUG] Request ID: 9
Status Code: 200
Body: <html><head><title>User List</title></head><body>
<h1>Hi, Bro! This is servlet. I am running...</h1><br><br>
<ul>
<li>Name: Terayon</li>
<li>Name: InternetTelecom</li>
</ul>
<br><br><p>Current time: Fri Mar 13 11:34:40 MSK 2026</p>
</body></html>

----------------------
>>> [MONITOR MBEAN] Thread stopped.
MONITOR MBean: monitor MBean has been stopped.
MONITOR MBean: Peak of connections (numActive):2
Stop Tomcat...
TomCat: TomCat has been stopped.


Monitor DB: Finalisation start...
MONITOR DB final phase.
Monitor DB: Monitor DB is finished.


======= Detail report =======
Request #1 | Start on 0 sec | Duration 16 sec | StatusHttp: 200 | TimeoutError: 1 | MaxWait: 15000 | Sleep: 5000 
Request #2 | Start on 0 sec | Duration 16 sec | StatusHttp: 200 | TimeoutError: 1 | MaxWait: 15000 | Sleep: 5000 
Request #3 | Start on 0 sec | Duration 16 sec | StatusHttp: 200 | TimeoutError: 0 | MaxWait: 15000 | Sleep: 5000 
Request #4 | Start on 0 sec | Duration 11 sec | StatusHttp: 200 | TimeoutError: 0 | MaxWait: 15000 | Sleep: 5000 
Request #5 | Start on 0 sec | Duration 16 sec | StatusHttp: 200 | TimeoutError: 1 | MaxWait: 15000 | Sleep: 5000 
Request #6 | Start on 0 sec | Duration 16 sec | StatusHttp: 200 | TimeoutError: 1 | MaxWait: 15000 | Sleep: 5000 
Request #7 | Start on 0 sec | Duration 6 sec | StatusHttp: 200 | TimeoutError: 0 | MaxWait: 15000 | Sleep: 5000 
Request #8 | Start on 0 sec | Duration 11 sec | StatusHttp: 200 | TimeoutError: 0 | MaxWait: 15000 | Sleep: 5000 
Request #9 | Start on 0 sec | Duration 16 sec | StatusHttp: 200 | TimeoutError: 0 | MaxWait: 15000 | Sleep: 5000 
Request #10 | Start on 0 sec | Duration 6 sec | StatusHttp: 200 | TimeoutError: 0 | MaxWait: 15000 | Sleep: 5000 

======= ASSERT CHECKING FILTER #1: (ODINARY CHECK)=======
ASSERT 7.1: SUCCESS
ASSERT 7.2: SUCCESS
ASSERT 7.3.0: SUCCESS
ASSERT 7.3.1: SUCCESS
ASSERT 7.3.2: SUCCESS
ASSERT 7.3.3: SUCCESS
ASSERT 7.3.4: SUCCESS
ASSERT 7.3.5: SUCCESS
======= ASSERT CHECKING FILTER #1: END. =======================

======= ASSERT CHECKING FILTER #2: (TOMCAT MBEAN CHECK)=======
ASSERT 8.0: SUCCESS
ASSERT 8.1: SUCCESS
======= ASSERT CHECKING FILTER #2: END. =======================

======= ASSERT CHECKING FILTER #3: (PostgreSql DB CHECK)=======
 MUST BE ADDED HERE! PRINT RESULT OF FILTER #3 CHECKING.
======= ASSERT CHECKING FILTER #3: END. =======================

============ All steps have been completed. Wow! :-) ==================

]]></system-out>
  </testcase>
  <testcase name="testPostgresPool(TestConfig)[8]" classname="TestMaxActiveStrong" time="11.164">
    <system-out><![CDATA[
*******************************************************************************************************

  Run test #: 8
  Conditions: Nothing       All:10  MaxAct:0  OK:0 Fast:10 Delay:0 Error:10 MaxWait: 1000 Sleep:5000  .

*******************************************************************************************************

>>> Start of test... Run requests to servlet...
>>> [CLEANUP] Direstories work and temp were cleaned.
>>> [CONFIG] Read context.xml: D:\REPO_JAVA\FinalTest\tomcat\conf\context.xml
>>> [CONFIG] Parameters updated: maxTotal = 0, maxWaitMillis = 1000
>>> [CLEANUP] Force closing Tomcat windows...
>>> [CLEANUP] Done. Starting fresh Tomcat...
>>> [CONFIG] Current User Dir: D:\REPO_JAVA\FinalTest\StrongTestPool
>>> [CONFIG] Target Tomcat Bin: D:\REPO_JAVA\FinalTest\tomcat\bin
>>> TomCat started with JMX on port 9000
TomCat has been started successfully.

MONITOR MBean: Monitor MBean has been started.
Monitor DB: Initialisation start...

MONITOR DB Initialisaion phase.
Monitor DB: Initialisation is finished.

>>> Test run (Time start: 0s)
>>> [MONITOR MBEAN] Connected to JMX. Starting scan...

[HTTP RESPONSE DEBUG] Request ID: 1
Status Code: 200
Body: <html><head><title>User List</title></head><body>
<h1>Hi, Bro! This is servlet. I am running...</h1><br><br>
<p style='color:red;'>SQL query execution error.. Try again later.</p>
<br><br><p>Current time: Fri Mar 13 11:34:51 MSK 2026</p>
</body></html>

----------------------

[HTTP RESPONSE DEBUG] Request ID: 8
Status Code: 200
Body: <html><head><title>User List</title></head><body>
<h1>Hi, Bro! This is servlet. I am running...</h1><br><br>
<p style='color:red;'>SQL query execution error.. Try again later.</p>
<br><br><p>Current time: Fri Mar 13 11:34:51 MSK 2026</p>
</body></html>

----------------------

[HTTP RESPONSE DEBUG] Request ID: 4
Status Code: 200
Body: <html><head><title>User List</title></head><body>
<h1>Hi, Bro! This is servlet. I am running...</h1><br><br>
<p style='color:red;'>SQL query execution error.. Try again later.</p>
<br><br><p>Current time: Fri Mar 13 11:34:51 MSK 2026</p>
</body></html>

----------------------

[HTTP RESPONSE DEBUG] Request ID: 7
Status Code: 200
Body: <html><head><title>User List</title></head><body>
<h1>Hi, Bro! This is servlet. I am running...</h1><br><br>
<p style='color:red;'>SQL query execution error.. Try again later.</p>
<br><br><p>Current time: Fri Mar 13 11:34:51 MSK 2026</p>
</body></html>

----------------------

[HTTP RESPONSE DEBUG] Request ID: 2
Status Code: 200
Body: <html><head><title>User List</title></head><body>
<h1>Hi, Bro! This is servlet. I am running...</h1><br><br>
<p style='color:red;'>SQL query execution error.. Try again later.</p>
<br><br><p>Current time: Fri Mar 13 11:34:51 MSK 2026</p>
</body></html>

----------------------

[HTTP RESPONSE DEBUG] Request ID: 6
Status Code: 200
Body: <html><head><title>User List</title></head><body>
<h1>Hi, Bro! This is servlet. I am running...</h1><br><br>
<p style='color:red;'>SQL query execution error.. Try again later.</p>
<br><br><p>Current time: Fri Mar 13 11:34:51 MSK 2026</p>
</body></html>

----------------------

[HTTP RESPONSE DEBUG] Request ID: 5
Status Code: 200
Body: <html><head><title>User List</title></head><body>
<h1>Hi, Bro! This is servlet. I am running...</h1><br><br>
<p style='color:red;'>SQL query execution error.. Try again later.</p>
<br><br><p>Current time: Fri Mar 13 11:34:51 MSK 2026</p>
</body></html>

----------------------

[HTTP RESPONSE DEBUG] Request ID: 3
Status Code: 200
Body: <html><head><title>User List</title></head><body>
<h1>Hi, Bro! This is servlet. I am running...</h1><br><br>
<p style='color:red;'>SQL query execution error.. Try again later.</p>
<br><br><p>Current time: Fri Mar 13 11:34:51 MSK 2026</p>
</body></html>

----------------------

[HTTP RESPONSE DEBUG] Request ID: 10
Status Code: 200
Body: <html><head><title>User List</title></head><body>
<h1>Hi, Bro! This is servlet. I am running...</h1><br><br>
<p style='color:red;'>SQL query execution error.. Try again later.</p>
<br><br><p>Current time: Fri Mar 13 11:34:51 MSK 2026</p>
</body></html>

----------------------

[HTTP RESPONSE DEBUG] Request ID: 9
Status Code: 200
Body: <html><head><title>User List</title></head><body>
<h1>Hi, Bro! This is servlet. I am running...</h1><br><br>
<p style='color:red;'>SQL query execution error.. Try again later.</p>
<br><br><p>Current time: Fri Mar 13 11:34:52 MSK 2026</p>
</body></html>

----------------------
>>> [MONITOR MBEAN] Thread stopped.
MONITOR MBean: monitor MBean has been stopped.
MONITOR MBean: Peak of connections (numActive):0
Stop Tomcat...
TomCat: TomCat has been stopped.


Monitor DB: Finalisation start...
MONITOR DB final phase.
Monitor DB: Monitor DB is finished.


======= Detail report =======
Request #1 | Start on 0 sec | Duration 2 sec | StatusHttp: 200 | TimeoutError: 1 | MaxWait: 1000 | Sleep: 5000 
Request #2 | Start on 0 sec | Duration 2 sec | StatusHttp: 200 | TimeoutError: 1 | MaxWait: 1000 | Sleep: 5000 
Request #3 | Start on 0 sec | Duration 2 sec | StatusHttp: 200 | TimeoutError: 1 | MaxWait: 1000 | Sleep: 5000 
Request #4 | Start on 0 sec | Duration 2 sec | StatusHttp: 200 | TimeoutError: 1 | MaxWait: 1000 | Sleep: 5000 
Request #5 | Start on 0 sec | Duration 2 sec | StatusHttp: 200 | TimeoutError: 1 | MaxWait: 1000 | Sleep: 5000 
Request #6 | Start on 0 sec | Duration 2 sec | StatusHttp: 200 | TimeoutError: 1 | MaxWait: 1000 | Sleep: 5000 
Request #7 | Start on 0 sec | Duration 2 sec | StatusHttp: 200 | TimeoutError: 1 | MaxWait: 1000 | Sleep: 5000 
Request #8 | Start on 0 sec | Duration 2 sec | StatusHttp: 200 | TimeoutError: 1 | MaxWait: 1000 | Sleep: 5000 
Request #9 | Start on 0 sec | Duration 2 sec | StatusHttp: 200 | TimeoutError: 1 | MaxWait: 1000 | Sleep: 5000 
Request #10 | Start on 0 sec | Duration 2 sec | StatusHttp: 200 | TimeoutError: 1 | MaxWait: 1000 | Sleep: 5000 

======= ASSERT CHECKING FILTER #1: (ODINARY CHECK)=======
ASSERT 7.1: SUCCESS
ASSERT 7.2: SUCCESS
ASSERT 7.3: SUCCCESS. (only negative results expected)
======= ASSERT CHECKING FILTER #1: END. =======================

======= ASSERT CHECKING FILTER #2: (TOMCAT MBEAN CHECK)=======
ASSERT 8.0: SUCCESS
ASSERT 8.1: SUCCESS
======= ASSERT CHECKING FILTER #2: END. =======================

======= ASSERT CHECKING FILTER #3: (PostgreSql DB CHECK)=======
 MUST BE ADDED HERE! PRINT RESULT OF FILTER #3 CHECKING.
======= ASSERT CHECKING FILTER #3: END. =======================

============ All steps have been completed. Wow! :-) ==================

]]></system-out>
  </testcase>
</testsuite>